*******ERROR********

Fail ;c  : ( ['MQROOT' : 0x7efe2c06c3e0]
  (0x01000000:Name):RecoverableException = (
    (0x03000000:NameValue):File                 = '/jenkins/slot0/product-build/WMB/src/DataFlowEngine/SQLNodeLibrary/ImbComputeNode.cpp' (CHARACTER)
    (0x03000000:NameValue):Line                 = 343 (INTEGER)
    (0x03000000:NameValue):Function             = 'ImbComputeNode::evaluate' (CHARACTER)
    (0x03000000:NameValue):Type                 = 'ComIbmComputeNode' (CHARACTER)
    (0x03000000:NameValue):Name                 = 'operacion#FCMComposite_1_3' (CHARACTER)
    (0x03000000:NameValue):Label                = 'operacion.Compute' (CHARACTER)
    (0x03000000:NameValue):Catalog              = 'BIPmsgs' (CHARACTER)
    (0x03000000:NameValue):Severity             = 3 (INTEGER)
    (0x03000000:NameValue):Number               = 2230 (INTEGER)
    (0x03000000:NameValue):Text                 = 'Caught exception and rethrowing' (CHARACTER)
    (0x01000000:Name     ):Insert               = (
      (0x03000000:NameValue):Type = 14 (INTEGER)
      (0x03000000:NameValue):Text = 'operacion.Compute' (CHARACTER)
    )
    (0x01000000:Name     ):RecoverableException = (
      (0x03000000:NameValue):File                 = '/jenkins/slot0/product-build/WMB/src/DataFlowEngine/ImbRdl/ImbRdlStatementGroup.cpp' (CHARACTER)
      (0x03000000:NameValue):Line                 = 783 (INTEGER)
      (0x03000000:NameValue):Function             = 'SqlStatementGroup::execute' (CHARACTER)
      (0x03000000:NameValue):Type                 = '' (CHARACTER)
      (0x03000000:NameValue):Name                 = '' (CHARACTER)
      (0x03000000:NameValue):Label                = '' (CHARACTER)
      (0x03000000:NameValue):Catalog              = 'BIPmsgs' (CHARACTER)
      (0x03000000:NameValue):Severity             = 3 (INTEGER)
      (0x03000000:NameValue):Number               = 2488 (INTEGER)
      (0x03000000:NameValue):Text                 = 'Error detected, rethrowing' (CHARACTER)
      (0x01000000:Name     ):Insert               = (
        (0x03000000:NameValue):Type = 5 (INTEGER)
        (0x03000000:NameValue):Text = '.operacion_Compute.Main' (CHARACTER)
      )
      (0x01000000:Name     ):Insert               = (
        (0x03000000:NameValue):Type = 5 (INTEGER)
        (0x03000000:NameValue):Text = '17.6' (CHARACTER)
      )
      (0x01000000:Name     ):Insert               = (
        (0x03000000:NameValue):Type = 5 (INTEGER)
        (0x03000000:NameValue):Text = 'PROPAGATE TO TERMINAL 0 FINALIZE DEFAULT DELETE DEFAULT;' (CHARACTER)
      )
      (0x01000000:Name     ):RecoverableException = (
        (0x03000000:NameValue):File                 = '/jenkins/slot0/product-build/WMB/src/DataFlowEngine/TemplateNodes/ImbOutputTemplateNode.cpp' (CHARACTER)
        (0x03000000:NameValue):Line                 = 260 (INTEGER)
        (0x03000000:NameValue):Function             = 'ImbOutputTemplateNode::processMessageAssemblyToFailure' (CHARACTER)
        (0x03000000:NameValue):Type                 = 'ComIbmMQOutputNode' (CHARACTER)
        (0x03000000:NameValue):Name                 = 'operacion#FCMComposite_1_2' (CHARACTER)
        (0x03000000:NameValue):Label                = 'operacion.MQ Output' (CHARACTER)
        (0x03000000:NameValue):Catalog              = 'BIPmsgs' (CHARACTER)
        (0x03000000:NameValue):Severity             = 3 (INTEGER)
        (0x03000000:NameValue):Number               = 2230 (INTEGER)
        (0x03000000:NameValue):Text                 = 'Caught exception and rethrowing' (CHARACTER)
        (0x01000000:Name     ):Insert               = (
          (0x03000000:NameValue):Type = 14 (INTEGER)
          (0x03000000:NameValue):Text = 'operacion.MQ Output' (CHARACTER)
        )
        (0x01000000:Name     ):RecoverableException = (
          (0x03000000:NameValue):File             = '/jenkins/slot0/product-build/WMB/src/DataFlowEngine/Connectors/lib/ImbOutputNode.cpp' (CHARACTER)
          (0x03000000:NameValue):Line             = 483 (INTEGER)
          (0x03000000:NameValue):Function         = 'ImbOutputNode::sendData' (CHARACTER)
          (0x03000000:NameValue):Type             = 'ComIbmMQOutputNode' (CHARACTER)
          (0x03000000:NameValue):Name             = 'operacion#FCMComposite_1_2' (CHARACTER)
          (0x03000000:NameValue):Label            = 'operacion.MQ Output' (CHARACTER)
          (0x03000000:NameValue):Catalog          = 'BIPmsgs' (CHARACTER)
          (0x03000000:NameValue):Severity         = 3 (INTEGER)
          (0x03000000:NameValue):Number           = 2668 (INTEGER)
          (0x03000000:NameValue):Text             = 'Single error whilst putting to a queue' (CHARACTER)
          (0x01000000:Name     ):Insert           = (
            (0x03000000:NameValue):Type = 14 (INTEGER)
            (0x03000000:NameValue):Text = 'operacion.MQ Output' (CHARACTER)
          )
          (0x01000000:Name     ):MessageException = (
            (0x03000000:NameValue):File     = '/jenkins/slot0/product-build/WMB/src/DataFlowEngine/Connectors/mqconnector/MQConnection.cpp' (CHARACTER)
            (0x03000000:NameValue):Line     = 1084 (INTEGER)
            (0x03000000:NameValue):Function = 'MQConnection::acquireOutputQueueHandle' (CHARACTER)
            (0x03000000:NameValue):Type     = '' (CHARACTER)
            (0x03000000:NameValue):Name     = '' (CHARACTER)
            (0x03000000:NameValue):Label    = '' (CHARACTER)
            (0x03000000:NameValue):Catalog  = 'BIPmsgs' (CHARACTER)
            (0x03000000:NameValue):Severity = 3 (INTEGER)
            (0x03000000:NameValue):Number   = 2666 (INTEGER)
            (0x03000000:NameValue):Text     = 'Failed to open queue' (CHARACTER)
            (0x01000000:Name     ):Insert   = (
              (0x03000000:NameValue):Type = 2 (INTEGER)
              (0x03000000:NameValue):Text = '-1' (CHARACTER)
            )
            (0x01000000:Name     ):Insert   = (
              (0x03000000:NameValue):Type = 5 (INTEGER)
              (0x03000000:NameValue):Text = 'MQW101' (CHARACTER)
            )
            (0x01000000:Name     ):Insert   = (
              (0x03000000:NameValue):Type = 2 (INTEGER)
              (0x03000000:NameValue):Text = '2085' (CHARACTER)
            )
            (0x01000000:Name     ):Insert   = (
              (0x03000000:NameValue):Type = 5 (INTEGER)
              (0x03000000:NameValue):Text = '' (CHARACTER)
            )
            (0x01000000:Name     ):Insert   = (
              (0x03000000:NameValue):Type = 5 (INTEGER)
              (0x03000000:NameValue):Text = 'QMGR1' (CHARACTER)
            )
            (0x01000000:Name     ):Insert   = (
              (0x03000000:NameValue):Type = 5 (INTEGER)
              (0x03000000:NameValue):Text = 'QL.SUMA.REQ.01' (CHARACTER)
            )
            (0x01000000:Name     ):Insert   = (
              (0x03000000:NameValue):Type = 2 (INTEGER)
              (0x03000000:NameValue):Text = '2' (CHARACTER)
            )
          )
        )
      )
    )
  )
)
