**** START *****

ROOT e.e : ( ['MQROOT' : 0x7efe2c070240]
  (0x01000000:Name  ):Properties = ( ['MQPROPERTYPARSER' : 0x7efe2c1a1b30]
    (0x03000000:NameValue):MessageSet             = '' (CHARACTER)
    (0x03000000:NameValue):MessageType            = '' (CHARACTER)
    (0x03000000:NameValue):MessageFormat          = '' (CHARACTER)
    (0x03000000:NameValue):Encoding               = 546 (INTEGER)
    (0x03000000:NameValue):CodedCharSetId         = 1208 (INTEGER)
    (0x03000000:NameValue):Transactional          = TRUE (BOOLEAN)
    (0x03000000:NameValue):Persistence            = FALSE (BOOLEAN)
    (0x03000000:NameValue):CreationTime           = GMTTIMESTAMP '2020-01-16 14:45:12.860' (GMTTIMESTAMP)
    (0x03000000:NameValue):ExpirationTime         = -1 (INTEGER)
    (0x03000000:NameValue):Priority               = 0 (INTEGER)
    (0x03000000:NameValue):ReplyIdentifier        = X'000000000000000000000000000000000000000000000000' (BLOB)
    (0x03000000:NameValue):ReplyProtocol          = 'MQ' (CHARACTER)
    (0x03000000:NameValue):Topic                  = NULL
    (0x03000000:NameValue):ContentType            = '' (CHARACTER)
    (0x03000000:NameValue):IdentitySourceType     = '' (CHARACTER)
    (0x03000000:NameValue):IdentitySourceToken    = '' (CHARACTER)
    (0x03000000:NameValue):IdentitySourcePassword = '' (CHARACTER)
    (0x03000000:NameValue):IdentitySourceIssuedBy = '' (CHARACTER)
    (0x03000000:NameValue):IdentityMappedType     = '' (CHARACTER)
    (0x03000000:NameValue):IdentityMappedToken    = '' (CHARACTER)
    (0x03000000:NameValue):IdentityMappedPassword = '' (CHARACTER)
    (0x03000000:NameValue):IdentityMappedIssuedBy = '' (CHARACTER)
  )
  (0x01000000:Name  ):MQMD       = ( ['MQHMD' : 0x7efe2c249c60]
    (0x03000000:NameValue):SourceQueue      = 'QL.OPE.REQ.01' (CHARACTER)
    (0x03000000:NameValue):Transactional    = TRUE (BOOLEAN)
    (0x03000000:NameValue):Encoding         = 546 (INTEGER)
    (0x03000000:NameValue):CodedCharSetId   = 1208 (INTEGER)
    (0x03000000:NameValue):Format           = 'MQSTR   ' (CHARACTER)
    (0x03000000:NameValue):Version          = 2 (INTEGER)
    (0x03000000:NameValue):Report           = 0 (INTEGER)
    (0x03000000:NameValue):MsgType          = 8 (INTEGER)
    (0x03000000:NameValue):Expiry           = -1 (INTEGER)
    (0x03000000:NameValue):Feedback         = 0 (INTEGER)
    (0x03000000:NameValue):Priority         = 0 (INTEGER)
    (0x03000000:NameValue):Persistence      = 0 (INTEGER)
    (0x03000000:NameValue):MsgId            = X'414d5120514d47523120202020202020fa72205e0227a621' (BLOB)
    (0x03000000:NameValue):CorrelId         = X'000000000000000000000000000000000000000000000000' (BLOB)
    (0x03000000:NameValue):BackoutCount     = 0 (INTEGER)
    (0x03000000:NameValue):ReplyToQ         = '                                                ' (CHARACTER)
    (0x03000000:NameValue):ReplyToQMgr      = 'QMGR1                                           ' (CHARACTER)
    (0x03000000:NameValue):UserIdentifier   = 'sdyalor     ' (CHARACTER)
    (0x03000000:NameValue):AccountingToken  = X'0431303030000000000000000000000000000000000000000000000000000006' (BLOB)
    (0x03000000:NameValue):ApplIdentityData = '                                ' (CHARACTER)
    (0x03000000:NameValue):PutApplType      = 6 (INTEGER)
    (0x03000000:NameValue):PutApplName      = 'MQ Explorer 9.1.4           ' (CHARACTER)
    (0x03000000:NameValue):PutDate          = DATE '2020-01-16' (DATE)
    (0x03000000:NameValue):PutTime          = GMTTIME '14:45:12.860' (GMTTIME)
    (0x03000000:NameValue):ApplOriginData   = '    ' (CHARACTER)
    (0x03000000:NameValue):GroupId          = X'000000000000000000000000000000000000000000000000' (BLOB)
    (0x03000000:NameValue):MsgSeqNumber     = 1 (INTEGER)
    (0x03000000:NameValue):Offset           = 0 (INTEGER)
    (0x03000000:NameValue):MsgFlags         = 0 (INTEGER)
    (0x03000000:NameValue):OriginalLength   = -1 (INTEGER)
  )
  (0x01000000:Folder):XMLNSC     = ( ['xmlnsc' : 0x7efe2c24a0d0]
    (0x01000000:Folder):DATA = (
      (0x03000000:PCDataField):OPERACION = 'SUMA' (CHARACTER)
      (0x03000000:PCDataField):NUM1      = '13' (CHARACTER)
      (0x03000000:PCDataField):NUM2      = '23' (CHARACTER)
      (0x03000000:PCDataField):CODIGO    = '01' (CHARACTER)
    )
  )
)
**** START *****

ROOT e.e : ( ['MQROOT' : 0x7efe34044120]
  (0x01000000:Name  ):Properties = ( ['MQPROPERTYPARSER' : 0x7efe340b8690]
    (0x03000000:NameValue):MessageSet             = '' (CHARACTER)
    (0x03000000:NameValue):MessageType            = '' (CHARACTER)
    (0x03000000:NameValue):MessageFormat          = '' (CHARACTER)
    (0x03000000:NameValue):Encoding               = 546 (INTEGER)
    (0x03000000:NameValue):CodedCharSetId         = 1208 (INTEGER)
    (0x03000000:NameValue):Transactional          = TRUE (BOOLEAN)
    (0x03000000:NameValue):Persistence            = FALSE (BOOLEAN)
    (0x03000000:NameValue):CreationTime           = GMTTIMESTAMP '2020-01-16 14:52:57.720' (GMTTIMESTAMP)
    (0x03000000:NameValue):ExpirationTime         = -1 (INTEGER)
    (0x03000000:NameValue):Priority               = 0 (INTEGER)
    (0x03000000:NameValue):ReplyIdentifier        = X'000000000000000000000000000000000000000000000000' (BLOB)
    (0x03000000:NameValue):ReplyProtocol          = 'MQ' (CHARACTER)
    (0x03000000:NameValue):Topic                  = NULL
    (0x03000000:NameValue):ContentType            = '' (CHARACTER)
    (0x03000000:NameValue):IdentitySourceType     = '' (CHARACTER)
    (0x03000000:NameValue):IdentitySourceToken    = '' (CHARACTER)
    (0x03000000:NameValue):IdentitySourcePassword = '' (CHARACTER)
    (0x03000000:NameValue):IdentitySourceIssuedBy = '' (CHARACTER)
    (0x03000000:NameValue):IdentityMappedType     = '' (CHARACTER)
    (0x03000000:NameValue):IdentityMappedToken    = '' (CHARACTER)
    (0x03000000:NameValue):IdentityMappedPassword = '' (CHARACTER)
    (0x03000000:NameValue):IdentityMappedIssuedBy = '' (CHARACTER)
  )
  (0x01000000:Name  ):MQMD       = ( ['MQHMD' : 0x7efe340bc0b0]
    (0x03000000:NameValue):SourceQueue      = 'QL.OPE.REQ.01' (CHARACTER)
    (0x03000000:NameValue):Transactional    = TRUE (BOOLEAN)
    (0x03000000:NameValue):Encoding         = 546 (INTEGER)
    (0x03000000:NameValue):CodedCharSetId   = 1208 (INTEGER)
    (0x03000000:NameValue):Format           = 'MQSTR   ' (CHARACTER)
    (0x03000000:NameValue):Version          = 2 (INTEGER)
    (0x03000000:NameValue):Report           = 0 (INTEGER)
    (0x03000000:NameValue):MsgType          = 8 (INTEGER)
    (0x03000000:NameValue):Expiry           = -1 (INTEGER)
    (0x03000000:NameValue):Feedback         = 0 (INTEGER)
    (0x03000000:NameValue):Priority         = 0 (INTEGER)
    (0x03000000:NameValue):Persistence      = 0 (INTEGER)
    (0x03000000:NameValue):MsgId            = X'414d5120514d47523120202020202020fa72205e023da621' (BLOB)
    (0x03000000:NameValue):CorrelId         = X'000000000000000000000000000000000000000000000000' (BLOB)
    (0x03000000:NameValue):BackoutCount     = 0 (INTEGER)
    (0x03000000:NameValue):ReplyToQ         = '                                                ' (CHARACTER)
    (0x03000000:NameValue):ReplyToQMgr      = 'QMGR1                                           ' (CHARACTER)
    (0x03000000:NameValue):UserIdentifier   = 'sdyalor     ' (CHARACTER)
    (0x03000000:NameValue):AccountingToken  = X'0431303030000000000000000000000000000000000000000000000000000006' (BLOB)
    (0x03000000:NameValue):ApplIdentityData = '                                ' (CHARACTER)
    (0x03000000:NameValue):PutApplType      = 6 (INTEGER)
    (0x03000000:NameValue):PutApplName      = 'MQ Explorer 9.1.4           ' (CHARACTER)
    (0x03000000:NameValue):PutDate          = DATE '2020-01-16' (DATE)
    (0x03000000:NameValue):PutTime          = GMTTIME '14:52:57.720' (GMTTIME)
    (0x03000000:NameValue):ApplOriginData   = '    ' (CHARACTER)
    (0x03000000:NameValue):GroupId          = X'000000000000000000000000000000000000000000000000' (BLOB)
    (0x03000000:NameValue):MsgSeqNumber     = 1 (INTEGER)
    (0x03000000:NameValue):Offset           = 0 (INTEGER)
    (0x03000000:NameValue):MsgFlags         = 0 (INTEGER)
    (0x03000000:NameValue):OriginalLength   = -1 (INTEGER)
  )
  (0x01000000:Folder):XMLNSC     = ( ['xmlnsc' : 0x7efe340bf480]
    (0x01000000:Folder):DATA = (
      (0x03000000:PCDataField):OPERACION = 'SUMA' (CHARACTER)
      (0x03000000:PCDataField):NUM1      = '13' (CHARACTER)
      (0x03000000:PCDataField):NUM2      = '23' (CHARACTER)
      (0x03000000:PCDataField):CODIGO    = '01' (CHARACTER)
    )
  )
)
