----------------------------------------------------------MENSAJE ENTRADAxd
VER ROOT: ( ['MQROOT' : 0x7fc070035ab0]
  (0x01000000:Name  ):Properties = ( ['MQPROPERTYPARSER' : 0x7fc070089f10]
    (0x03000000:NameValue):MessageSet             = '' (CHARACTER)
    (0x03000000:NameValue):MessageType            = '' (CHARACTER)
    (0x03000000:NameValue):MessageFormat          = '' (CHARACTER)
    (0x03000000:NameValue):Encoding               = 546 (INTEGER)
    (0x03000000:NameValue):CodedCharSetId         = 1208 (INTEGER)
    (0x03000000:NameValue):Transactional          = TRUE (BOOLEAN)
    (0x03000000:NameValue):Persistence            = FALSE (BOOLEAN)
    (0x03000000:NameValue):CreationTime           = GMTTIMESTAMP '2020-01-15 21:42:30.180' (GMTTIMESTAMP)
    (0x03000000:NameValue):ExpirationTime         = -1 (INTEGER)
    (0x03000000:NameValue):Priority               = 0 (INTEGER)
    (0x03000000:NameValue):ReplyIdentifier        = X'000000000000000000000000000000000000000000000000' (BLOB)
    (0x03000000:NameValue):ReplyProtocol          = 'MQ' (CHARACTER)
    (0x03000000:NameValue):Topic                  = NULL
    (0x03000000:NameValue):ContentType            = '' (CHARACTER)
    (0x03000000:NameValue):IdentitySourceType     = '' (CHARACTER)
    (0x03000000:NameValue):IdentitySourceToken    = '' (CHARACTER)
    (0x03000000:NameValue):IdentitySourcePassword = '' (CHARACTER)
    (0x03000000:NameValue):IdentitySourceIssuedBy = '' (CHARACTER)
    (0x03000000:NameValue):IdentityMappedType     = '' (CHARACTER)
    (0x03000000:NameValue):IdentityMappedToken    = '' (CHARACTER)
    (0x03000000:NameValue):IdentityMappedPassword = '' (CHARACTER)
    (0x03000000:NameValue):IdentityMappedIssuedBy = '' (CHARACTER)
  )
  (0x01000000:Name  ):MQMD       = ( ['MQHMD' : 0x7fc07008da60]
    (0x03000000:NameValue):SourceQueue      = 'QL.OPE.REQ.01' (CHARACTER)
    (0x03000000:NameValue):Transactional    = TRUE (BOOLEAN)
    (0x03000000:NameValue):Encoding         = 546 (INTEGER)
    (0x03000000:NameValue):CodedCharSetId   = 1208 (INTEGER)
    (0x03000000:NameValue):Format           = 'MQSTR   ' (CHARACTER)
    (0x03000000:NameValue):Version          = 2 (INTEGER)
    (0x03000000:NameValue):Report           = 0 (INTEGER)
    (0x03000000:NameValue):MsgType          = 8 (INTEGER)
    (0x03000000:NameValue):Expiry           = -1 (INTEGER)
    (0x03000000:NameValue):Feedback         = 0 (INTEGER)
    (0x03000000:NameValue):Priority         = 0 (INTEGER)
    (0x03000000:NameValue):Persistence      = 0 (INTEGER)
    (0x03000000:NameValue):MsgId            = X'414d5120514d475231202020202020204d6d1f5e02858620' (BLOB)
    (0x03000000:NameValue):CorrelId         = X'000000000000000000000000000000000000000000000000' (BLOB)
    (0x03000000:NameValue):BackoutCount     = 0 (INTEGER)
    (0x03000000:NameValue):ReplyToQ         = '                                                ' (CHARACTER)
    (0x03000000:NameValue):ReplyToQMgr      = 'QMGR1                                           ' (CHARACTER)
    (0x03000000:NameValue):UserIdentifier   = 'sdyalor     ' (CHARACTER)
    (0x03000000:NameValue):AccountingToken  = X'0431303030000000000000000000000000000000000000000000000000000006' (BLOB)
    (0x03000000:NameValue):ApplIdentityData = '                                ' (CHARACTER)
    (0x03000000:NameValue):PutApplType      = 6 (INTEGER)
    (0x03000000:NameValue):PutApplName      = 'MQ Explorer 9.1.4           ' (CHARACTER)
    (0x03000000:NameValue):PutDate          = DATE '2020-01-15' (DATE)
    (0x03000000:NameValue):PutTime          = GMTTIME '21:42:30.180' (GMTTIME)
    (0x03000000:NameValue):ApplOriginData   = '    ' (CHARACTER)
    (0x03000000:NameValue):GroupId          = X'000000000000000000000000000000000000000000000000' (BLOB)
    (0x03000000:NameValue):MsgSeqNumber     = 1 (INTEGER)
    (0x03000000:NameValue):Offset           = 0 (INTEGER)
    (0x03000000:NameValue):MsgFlags         = 0 (INTEGER)
    (0x03000000:NameValue):OriginalLength   = -1 (INTEGER)
  )
  (0x01000000:Folder):XMLNSC     = ( ['xmlnsc' : 0x7fc070091220]
    (0x03000000:PCDataField):test = 'test' (CHARACTER)
  )
)
EXC : ( ['MQROOT' : 0x7fc07006dbf0]
  (0x01000000:Name):RecoverableException = (
    (0x03000000:NameValue):File             = '/jenkins/slot0/product-build/WMB/src/DataFlowEngine/TemplateNodes/ImbOutputTemplateNode.cpp' (CHARACTER)
    (0x03000000:NameValue):Line             = 260 (INTEGER)
    (0x03000000:NameValue):Function         = 'ImbOutputTemplateNode::processMessageAssemblyToFailure' (CHARACTER)
    (0x03000000:NameValue):Type             = 'ComIbmMQOutputNode' (CHARACTER)
    (0x03000000:NameValue):Name             = 'app.operations.valid.myoperations#FCMComposite_1_2' (CHARACTER)
    (0x03000000:NameValue):Label            = 'app.operations.valid.myoperations.MQ Output' (CHARACTER)
    (0x03000000:NameValue):Catalog          = 'BIPmsgs' (CHARACTER)
    (0x03000000:NameValue):Severity         = 3 (INTEGER)
    (0x03000000:NameValue):Number           = 2230 (INTEGER)
    (0x03000000:NameValue):Text             = 'Caught exception and rethrowing' (CHARACTER)
    (0x01000000:Name     ):Insert           = (
      (0x03000000:NameValue):Type = 14 (INTEGER)
      (0x03000000:NameValue):Text = 'app.operations.valid.myoperations.MQ Output' (CHARACTER)
    )
    (0x01000000:Name     ):MessageException = (
      (0x03000000:NameValue):File     = '/jenkins/slot0/product-build/WMB/src/DataFlowEngine/Connectors/lib/ImbOutputNode.cpp' (CHARACTER)
      (0x03000000:NameValue):Line     = 417 (INTEGER)
      (0x03000000:NameValue):Function = 'ImbOutputNode::sendData' (CHARACTER)
      (0x03000000:NameValue):Type     = 'ComIbmMQOutputNode' (CHARACTER)
      (0x03000000:NameValue):Name     = 'app.operations.valid.myoperations#FCMComposite_1_2' (CHARACTER)
      (0x03000000:NameValue):Label    = 'app.operations.valid.myoperations.MQ Output' (CHARACTER)
      (0x03000000:NameValue):Catalog  = 'BIPmsgs' (CHARACTER)
      (0x03000000:NameValue):Severity = 3 (INTEGER)
      (0x03000000:NameValue):Number   = 2665 (INTEGER)
      (0x03000000:NameValue):Text     = 'Invalid destination list' (CHARACTER)
      (0x01000000:Name     ):Insert   = (
        (0x03000000:NameValue):Type = 2 (INTEGER)
        (0x03000000:NameValue):Text = '-1' (CHARACTER)
      )
      (0x01000000:Name     ):Insert   = (
        (0x03000000:NameValue):Type = 5 (INTEGER)
        (0x03000000:NameValue):Text = 'MQW005' (CHARACTER)
      )
      (0x01000000:Name     ):Insert   = (
        (0x03000000:NameValue):Type = 2 (INTEGER)
        (0x03000000:NameValue):Text = '0' (CHARACTER)
      )
      (0x01000000:Name     ):Insert   = (
        (0x03000000:NameValue):Type = 5 (INTEGER)
        (0x03000000:NameValue):Text = '' (CHARACTER)
      )
      (0x01000000:Name     ):Insert   = (
        (0x03000000:NameValue):Type = 14 (INTEGER)
        (0x03000000:NameValue):Text = 'app.operations.valid.myoperations.MQ Output' (CHARACTER)
      )
    )
  )
)
----------------------------------------------------------MENSAJE ENTRADAxd
VER ROOT: ( ['MQROOT' : 0x7fc07405a8b0]
  (0x01000000:Name  ):Properties = ( ['MQPROPERTYPARSER' : 0x7fc0740af980]
    (0x03000000:NameValue):MessageSet             = '' (CHARACTER)
    (0x03000000:NameValue):MessageType            = '' (CHARACTER)
    (0x03000000:NameValue):MessageFormat          = '' (CHARACTER)
    (0x03000000:NameValue):Encoding               = 546 (INTEGER)
    (0x03000000:NameValue):CodedCharSetId         = 1208 (INTEGER)
    (0x03000000:NameValue):Transactional          = TRUE (BOOLEAN)
    (0x03000000:NameValue):Persistence            = FALSE (BOOLEAN)
    (0x03000000:NameValue):CreationTime           = GMTTIMESTAMP '2020-01-15 21:45:06.640' (GMTTIMESTAMP)
    (0x03000000:NameValue):ExpirationTime         = -1 (INTEGER)
    (0x03000000:NameValue):Priority               = 0 (INTEGER)
    (0x03000000:NameValue):ReplyIdentifier        = X'000000000000000000000000000000000000000000000000' (BLOB)
    (0x03000000:NameValue):ReplyProtocol          = 'MQ' (CHARACTER)
    (0x03000000:NameValue):Topic                  = NULL
    (0x03000000:NameValue):ContentType            = '' (CHARACTER)
    (0x03000000:NameValue):IdentitySourceType     = '' (CHARACTER)
    (0x03000000:NameValue):IdentitySourceToken    = '' (CHARACTER)
    (0x03000000:NameValue):IdentitySourcePassword = '' (CHARACTER)
    (0x03000000:NameValue):IdentitySourceIssuedBy = '' (CHARACTER)
    (0x03000000:NameValue):IdentityMappedType     = '' (CHARACTER)
    (0x03000000:NameValue):IdentityMappedToken    = '' (CHARACTER)
    (0x03000000:NameValue):IdentityMappedPassword = '' (CHARACTER)
    (0x03000000:NameValue):IdentityMappedIssuedBy = '' (CHARACTER)
  )
  (0x01000000:Name  ):MQMD       = ( ['MQHMD' : 0x7fc0740b3420]
    (0x03000000:NameValue):SourceQueue      = 'QL.OPE.REQ.01' (CHARACTER)
    (0x03000000:NameValue):Transactional    = TRUE (BOOLEAN)
    (0x03000000:NameValue):Encoding         = 546 (INTEGER)
    (0x03000000:NameValue):CodedCharSetId   = 1208 (INTEGER)
    (0x03000000:NameValue):Format           = 'MQSTR   ' (CHARACTER)
    (0x03000000:NameValue):Version          = 2 (INTEGER)
    (0x03000000:NameValue):Report           = 0 (INTEGER)
    (0x03000000:NameValue):MsgType          = 8 (INTEGER)
    (0x03000000:NameValue):Expiry           = -1 (INTEGER)
    (0x03000000:NameValue):Feedback         = 0 (INTEGER)
    (0x03000000:NameValue):Priority         = 0 (INTEGER)
    (0x03000000:NameValue):Persistence      = 0 (INTEGER)
    (0x03000000:NameValue):MsgId            = X'414d5120514d475231202020202020204d6d1f5e028e8620' (BLOB)
    (0x03000000:NameValue):CorrelId         = X'000000000000000000000000000000000000000000000000' (BLOB)
    (0x03000000:NameValue):BackoutCount     = 0 (INTEGER)
    (0x03000000:NameValue):ReplyToQ         = '                                                ' (CHARACTER)
    (0x03000000:NameValue):ReplyToQMgr      = 'QMGR1                                           ' (CHARACTER)
    (0x03000000:NameValue):UserIdentifier   = 'sdyalor     ' (CHARACTER)
    (0x03000000:NameValue):AccountingToken  = X'0431303030000000000000000000000000000000000000000000000000000006' (BLOB)
    (0x03000000:NameValue):ApplIdentityData = '                                ' (CHARACTER)
    (0x03000000:NameValue):PutApplType      = 6 (INTEGER)
    (0x03000000:NameValue):PutApplName      = 'MQ Explorer 9.1.4           ' (CHARACTER)
    (0x03000000:NameValue):PutDate          = DATE '2020-01-15' (DATE)
    (0x03000000:NameValue):PutTime          = GMTTIME '21:45:06.640' (GMTTIME)
    (0x03000000:NameValue):ApplOriginData   = '    ' (CHARACTER)
    (0x03000000:NameValue):GroupId          = X'000000000000000000000000000000000000000000000000' (BLOB)
    (0x03000000:NameValue):MsgSeqNumber     = 1 (INTEGER)
    (0x03000000:NameValue):Offset           = 0 (INTEGER)
    (0x03000000:NameValue):MsgFlags         = 0 (INTEGER)
    (0x03000000:NameValue):OriginalLength   = -1 (INTEGER)
  )
  (0x01000000:Folder):XMLNSC     = ( ['xmlnsc' : 0x7fc0740b6a50]
    (0x03000000:PCDataField):number = '1' (CHARACTER)
  )
)
EXC : ( ['MQROOT' : 0x7fc07406a8e0]
  (0x01000000:Name):RecoverableException = (
    (0x03000000:NameValue):File             = '/jenkins/slot0/product-build/WMB/src/DataFlowEngine/TemplateNodes/ImbOutputTemplateNode.cpp' (CHARACTER)
    (0x03000000:NameValue):Line             = 260 (INTEGER)
    (0x03000000:NameValue):Function         = 'ImbOutputTemplateNode::processMessageAssemblyToFailure' (CHARACTER)
    (0x03000000:NameValue):Type             = 'ComIbmMQOutputNode' (CHARACTER)
    (0x03000000:NameValue):Name             = 'app.operations.valid.myoperations#FCMComposite_1_2' (CHARACTER)
    (0x03000000:NameValue):Label            = 'app.operations.valid.myoperations.MQ Output' (CHARACTER)
    (0x03000000:NameValue):Catalog          = 'BIPmsgs' (CHARACTER)
    (0x03000000:NameValue):Severity         = 3 (INTEGER)
    (0x03000000:NameValue):Number           = 2230 (INTEGER)
    (0x03000000:NameValue):Text             = 'Caught exception and rethrowing' (CHARACTER)
    (0x01000000:Name     ):Insert           = (
      (0x03000000:NameValue):Type = 14 (INTEGER)
      (0x03000000:NameValue):Text = 'app.operations.valid.myoperations.MQ Output' (CHARACTER)
    )
    (0x01000000:Name     ):MessageException = (
      (0x03000000:NameValue):File     = '/jenkins/slot0/product-build/WMB/src/DataFlowEngine/Connectors/lib/ImbOutputNode.cpp' (CHARACTER)
      (0x03000000:NameValue):Line     = 417 (INTEGER)
      (0x03000000:NameValue):Function = 'ImbOutputNode::sendData' (CHARACTER)
      (0x03000000:NameValue):Type     = 'ComIbmMQOutputNode' (CHARACTER)
      (0x03000000:NameValue):Name     = 'app.operations.valid.myoperations#FCMComposite_1_2' (CHARACTER)
      (0x03000000:NameValue):Label    = 'app.operations.valid.myoperations.MQ Output' (CHARACTER)
      (0x03000000:NameValue):Catalog  = 'BIPmsgs' (CHARACTER)
      (0x03000000:NameValue):Severity = 3 (INTEGER)
      (0x03000000:NameValue):Number   = 2665 (INTEGER)
      (0x03000000:NameValue):Text     = 'Invalid destination list' (CHARACTER)
      (0x01000000:Name     ):Insert   = (
        (0x03000000:NameValue):Type = 2 (INTEGER)
        (0x03000000:NameValue):Text = '-1' (CHARACTER)
      )
      (0x01000000:Name     ):Insert   = (
        (0x03000000:NameValue):Type = 5 (INTEGER)
        (0x03000000:NameValue):Text = 'MQW005' (CHARACTER)
      )
      (0x01000000:Name     ):Insert   = (
        (0x03000000:NameValue):Type = 2 (INTEGER)
        (0x03000000:NameValue):Text = '0' (CHARACTER)
      )
      (0x01000000:Name     ):Insert   = (
        (0x03000000:NameValue):Type = 5 (INTEGER)
        (0x03000000:NameValue):Text = '' (CHARACTER)
      )
      (0x01000000:Name     ):Insert   = (
        (0x03000000:NameValue):Type = 14 (INTEGER)
        (0x03000000:NameValue):Text = 'app.operations.valid.myoperations.MQ Output' (CHARACTER)
      )
    )
  )
)
----------------------------------------------------------MENSAJE ENTRADAxd
VER ROOT: ( ['MQROOT' : 0x7fc07805a380]
  (0x01000000:Name  ):Properties = ( ['MQPROPERTYPARSER' : 0x7fc0780afb20]
    (0x03000000:NameValue):MessageSet             = '' (CHARACTER)
    (0x03000000:NameValue):MessageType            = '' (CHARACTER)
    (0x03000000:NameValue):MessageFormat          = '' (CHARACTER)
    (0x03000000:NameValue):Encoding               = 546 (INTEGER)
    (0x03000000:NameValue):CodedCharSetId         = 1208 (INTEGER)
    (0x03000000:NameValue):Transactional          = TRUE (BOOLEAN)
    (0x03000000:NameValue):Persistence            = FALSE (BOOLEAN)
    (0x03000000:NameValue):CreationTime           = GMTTIMESTAMP '2020-01-15 21:46:18.160' (GMTTIMESTAMP)
    (0x03000000:NameValue):ExpirationTime         = -1 (INTEGER)
    (0x03000000:NameValue):Priority               = 0 (INTEGER)
    (0x03000000:NameValue):ReplyIdentifier        = X'000000000000000000000000000000000000000000000000' (BLOB)
    (0x03000000:NameValue):ReplyProtocol          = 'MQ' (CHARACTER)
    (0x03000000:NameValue):Topic                  = NULL
    (0x03000000:NameValue):ContentType            = '' (CHARACTER)
    (0x03000000:NameValue):IdentitySourceType     = '' (CHARACTER)
    (0x03000000:NameValue):IdentitySourceToken    = '' (CHARACTER)
    (0x03000000:NameValue):IdentitySourcePassword = '' (CHARACTER)
    (0x03000000:NameValue):IdentitySourceIssuedBy = '' (CHARACTER)
    (0x03000000:NameValue):IdentityMappedType     = '' (CHARACTER)
    (0x03000000:NameValue):IdentityMappedToken    = '' (CHARACTER)
    (0x03000000:NameValue):IdentityMappedPassword = '' (CHARACTER)
    (0x03000000:NameValue):IdentityMappedIssuedBy = '' (CHARACTER)
  )
  (0x01000000:Name  ):MQMD       = ( ['MQHMD' : 0x7fc07805abf0]
    (0x03000000:NameValue):SourceQueue      = 'QL.OPE.REQ.01' (CHARACTER)
    (0x03000000:NameValue):Transactional    = TRUE (BOOLEAN)
    (0x03000000:NameValue):Encoding         = 546 (INTEGER)
    (0x03000000:NameValue):CodedCharSetId   = 1208 (INTEGER)
    (0x03000000:NameValue):Format           = 'MQSTR   ' (CHARACTER)
    (0x03000000:NameValue):Version          = 2 (INTEGER)
    (0x03000000:NameValue):Report           = 0 (INTEGER)
    (0x03000000:NameValue):MsgType          = 8 (INTEGER)
    (0x03000000:NameValue):Expiry           = -1 (INTEGER)
    (0x03000000:NameValue):Feedback         = 0 (INTEGER)
    (0x03000000:NameValue):Priority         = 0 (INTEGER)
    (0x03000000:NameValue):Persistence      = 0 (INTEGER)
    (0x03000000:NameValue):MsgId            = X'414d5120514d475231202020202020204d6d1f5e02938620' (BLOB)
    (0x03000000:NameValue):CorrelId         = X'000000000000000000000000000000000000000000000000' (BLOB)
    (0x03000000:NameValue):BackoutCount     = 0 (INTEGER)
    (0x03000000:NameValue):ReplyToQ         = '                                                ' (CHARACTER)
    (0x03000000:NameValue):ReplyToQMgr      = 'QMGR1                                           ' (CHARACTER)
    (0x03000000:NameValue):UserIdentifier   = 'sdyalor     ' (CHARACTER)
    (0x03000000:NameValue):AccountingToken  = X'0431303030000000000000000000000000000000000000000000000000000006' (BLOB)
    (0x03000000:NameValue):ApplIdentityData = '                                ' (CHARACTER)
    (0x03000000:NameValue):PutApplType      = 6 (INTEGER)
    (0x03000000:NameValue):PutApplName      = 'MQ Explorer 9.1.4           ' (CHARACTER)
    (0x03000000:NameValue):PutDate          = DATE '2020-01-15' (DATE)
    (0x03000000:NameValue):PutTime          = GMTTIME '21:46:18.160' (GMTTIME)
    (0x03000000:NameValue):ApplOriginData   = '    ' (CHARACTER)
    (0x03000000:NameValue):GroupId          = X'000000000000000000000000000000000000000000000000' (BLOB)
    (0x03000000:NameValue):MsgSeqNumber     = 1 (INTEGER)
    (0x03000000:NameValue):Offset           = 0 (INTEGER)
    (0x03000000:NameValue):MsgFlags         = 0 (INTEGER)
    (0x03000000:NameValue):OriginalLength   = -1 (INTEGER)
  )
  (0x01000000:Folder):XMLNSC     = ( ['xmlnsc' : 0x7fc0780b6730]
    (0x03000000:PCDataField):hellow = 'its me' (CHARACTER)
  )
)
EXC : ( ['MQROOT' : 0x7fc07806a7a0]
  (0x01000000:Name):RecoverableException = (
    (0x03000000:NameValue):File             = '/jenkins/slot0/product-build/WMB/src/DataFlowEngine/TemplateNodes/ImbOutputTemplateNode.cpp' (CHARACTER)
    (0x03000000:NameValue):Line             = 260 (INTEGER)
    (0x03000000:NameValue):Function         = 'ImbOutputTemplateNode::processMessageAssemblyToFailure' (CHARACTER)
    (0x03000000:NameValue):Type             = 'ComIbmMQOutputNode' (CHARACTER)
    (0x03000000:NameValue):Name             = 'app.operations.valid.myoperations#FCMComposite_1_2' (CHARACTER)
    (0x03000000:NameValue):Label            = 'app.operations.valid.myoperations.MQ Output' (CHARACTER)
    (0x03000000:NameValue):Catalog          = 'BIPmsgs' (CHARACTER)
    (0x03000000:NameValue):Severity         = 3 (INTEGER)
    (0x03000000:NameValue):Number           = 2230 (INTEGER)
    (0x03000000:NameValue):Text             = 'Caught exception and rethrowing' (CHARACTER)
    (0x01000000:Name     ):Insert           = (
      (0x03000000:NameValue):Type = 14 (INTEGER)
      (0x03000000:NameValue):Text = 'app.operations.valid.myoperations.MQ Output' (CHARACTER)
    )
    (0x01000000:Name     ):MessageException = (
      (0x03000000:NameValue):File     = '/jenkins/slot0/product-build/WMB/src/DataFlowEngine/Connectors/lib/ImbOutputNode.cpp' (CHARACTER)
      (0x03000000:NameValue):Line     = 417 (INTEGER)
      (0x03000000:NameValue):Function = 'ImbOutputNode::sendData' (CHARACTER)
      (0x03000000:NameValue):Type     = 'ComIbmMQOutputNode' (CHARACTER)
      (0x03000000:NameValue):Name     = 'app.operations.valid.myoperations#FCMComposite_1_2' (CHARACTER)
      (0x03000000:NameValue):Label    = 'app.operations.valid.myoperations.MQ Output' (CHARACTER)
      (0x03000000:NameValue):Catalog  = 'BIPmsgs' (CHARACTER)
      (0x03000000:NameValue):Severity = 3 (INTEGER)
      (0x03000000:NameValue):Number   = 2665 (INTEGER)
      (0x03000000:NameValue):Text     = 'Invalid destination list' (CHARACTER)
      (0x01000000:Name     ):Insert   = (
        (0x03000000:NameValue):Type = 2 (INTEGER)
        (0x03000000:NameValue):Text = '-1' (CHARACTER)
      )
      (0x01000000:Name     ):Insert   = (
        (0x03000000:NameValue):Type = 5 (INTEGER)
        (0x03000000:NameValue):Text = 'MQW005' (CHARACTER)
      )
      (0x01000000:Name     ):Insert   = (
        (0x03000000:NameValue):Type = 2 (INTEGER)
        (0x03000000:NameValue):Text = '0' (CHARACTER)
      )
      (0x01000000:Name     ):Insert   = (
        (0x03000000:NameValue):Type = 5 (INTEGER)
        (0x03000000:NameValue):Text = '' (CHARACTER)
      )
      (0x01000000:Name     ):Insert   = (
        (0x03000000:NameValue):Type = 14 (INTEGER)
        (0x03000000:NameValue):Text = 'app.operations.valid.myoperations.MQ Output' (CHARACTER)
      )
    )
  )
)
----------------------------------------------------------MENSAJE ENTRADAxd
VER ROOT: ( ['MQROOT' : 0x7fc07805a380]
  (0x01000000:Name  ):Properties = ( ['MQPROPERTYPARSER' : 0x7fc0780afb20]
    (0x03000000:NameValue):MessageSet             = '' (CHARACTER)
    (0x03000000:NameValue):MessageType            = '' (CHARACTER)
    (0x03000000:NameValue):MessageFormat          = '' (CHARACTER)
    (0x03000000:NameValue):Encoding               = 546 (INTEGER)
    (0x03000000:NameValue):CodedCharSetId         = 1208 (INTEGER)
    (0x03000000:NameValue):Transactional          = TRUE (BOOLEAN)
    (0x03000000:NameValue):Persistence            = FALSE (BOOLEAN)
    (0x03000000:NameValue):CreationTime           = GMTTIMESTAMP '2020-01-15 21:49:49.610' (GMTTIMESTAMP)
    (0x03000000:NameValue):ExpirationTime         = -1 (INTEGER)
    (0x03000000:NameValue):Priority               = 0 (INTEGER)
    (0x03000000:NameValue):ReplyIdentifier        = X'000000000000000000000000000000000000000000000000' (BLOB)
    (0x03000000:NameValue):ReplyProtocol          = 'MQ' (CHARACTER)
    (0x03000000:NameValue):Topic                  = NULL
    (0x03000000:NameValue):ContentType            = '' (CHARACTER)
    (0x03000000:NameValue):IdentitySourceType     = '' (CHARACTER)
    (0x03000000:NameValue):IdentitySourceToken    = '' (CHARACTER)
    (0x03000000:NameValue):IdentitySourcePassword = '' (CHARACTER)
    (0x03000000:NameValue):IdentitySourceIssuedBy = '' (CHARACTER)
    (0x03000000:NameValue):IdentityMappedType     = '' (CHARACTER)
    (0x03000000:NameValue):IdentityMappedToken    = '' (CHARACTER)
    (0x03000000:NameValue):IdentityMappedPassword = '' (CHARACTER)
    (0x03000000:NameValue):IdentityMappedIssuedBy = '' (CHARACTER)
  )
  (0x01000000:Name  ):MQMD       = ( ['MQHMD' : 0x7fc07805abf0]
    (0x03000000:NameValue):SourceQueue      = 'QL.OPE.REQ.01' (CHARACTER)
    (0x03000000:NameValue):Transactional    = TRUE (BOOLEAN)
    (0x03000000:NameValue):Encoding         = 546 (INTEGER)
    (0x03000000:NameValue):CodedCharSetId   = 1208 (INTEGER)
    (0x03000000:NameValue):Format           = 'MQSTR   ' (CHARACTER)
    (0x03000000:NameValue):Version          = 2 (INTEGER)
    (0x03000000:NameValue):Report           = 0 (INTEGER)
    (0x03000000:NameValue):MsgType          = 8 (INTEGER)
    (0x03000000:NameValue):Expiry           = -1 (INTEGER)
    (0x03000000:NameValue):Feedback         = 0 (INTEGER)
    (0x03000000:NameValue):Priority         = 0 (INTEGER)
    (0x03000000:NameValue):Persistence      = 0 (INTEGER)
    (0x03000000:NameValue):MsgId            = X'414d5120514d475231202020202020204d6d1f5e029f8620' (BLOB)
    (0x03000000:NameValue):CorrelId         = X'000000000000000000000000000000000000000000000000' (BLOB)
    (0x03000000:NameValue):BackoutCount     = 0 (INTEGER)
    (0x03000000:NameValue):ReplyToQ         = '                                                ' (CHARACTER)
    (0x03000000:NameValue):ReplyToQMgr      = 'QMGR1                                           ' (CHARACTER)
    (0x03000000:NameValue):UserIdentifier   = 'sdyalor     ' (CHARACTER)
    (0x03000000:NameValue):AccountingToken  = X'0431303030000000000000000000000000000000000000000000000000000006' (BLOB)
    (0x03000000:NameValue):ApplIdentityData = '                                ' (CHARACTER)
    (0x03000000:NameValue):PutApplType      = 6 (INTEGER)
    (0x03000000:NameValue):PutApplName      = 'MQ Explorer 9.1.4           ' (CHARACTER)
    (0x03000000:NameValue):PutDate          = DATE '2020-01-15' (DATE)
    (0x03000000:NameValue):PutTime          = GMTTIME '21:49:49.610' (GMTTIME)
    (0x03000000:NameValue):ApplOriginData   = '    ' (CHARACTER)
    (0x03000000:NameValue):GroupId          = X'000000000000000000000000000000000000000000000000' (BLOB)
    (0x03000000:NameValue):MsgSeqNumber     = 1 (INTEGER)
    (0x03000000:NameValue):Offset           = 0 (INTEGER)
    (0x03000000:NameValue):MsgFlags         = 0 (INTEGER)
    (0x03000000:NameValue):OriginalLength   = -1 (INTEGER)
  )
  (0x01000000:Folder):XMLNSC     = 
)
EXC : ( ['MQROOT' : 0x7fc07806a7a0]
  (0x01000000:Name):RecoverableException = (
    (0x03000000:NameValue):File            = '/jenkins/slot0/product-build/WMB/src/DataFlowEngine/SQLNodeLibrary/ImbTraceNode.cpp' (CHARACTER)
    (0x03000000:NameValue):Line            = 317 (INTEGER)
    (0x03000000:NameValue):Function        = 'ImbTraceNode::evaluate' (CHARACTER)
    (0x03000000:NameValue):Type            = 'ComIbmTraceNode' (CHARACTER)
    (0x03000000:NameValue):Name            = 'app.operations.valid.myoperations#FCMComposite_1_4' (CHARACTER)
    (0x03000000:NameValue):Label           = 'app.operations.valid.myoperations.InputSucc' (CHARACTER)
    (0x03000000:NameValue):Catalog         = 'BIPmsgs' (CHARACTER)
    (0x03000000:NameValue):Severity        = 3 (INTEGER)
    (0x03000000:NameValue):Number          = 2230 (INTEGER)
    (0x03000000:NameValue):Text            = 'Caught exception and rethrowing' (CHARACTER)
    (0x01000000:Name     ):Insert          = (
      (0x03000000:NameValue):Type = 14 (INTEGER)
      (0x03000000:NameValue):Text = 'app.operations.valid.myoperations.InputSucc' (CHARACTER)
    )
    (0x01000000:Name     ):ParserException = (
      (0x03000000:NameValue):File            = '/jenkins/slot0/product-build/WMB/src/MTI/MTIforBroker/GenXmlParser4/ImbXMLNSCParser.cpp' (CHARACTER)
      (0x03000000:NameValue):Line            = 1066 (INTEGER)
      (0x03000000:NameValue):Function        = 'ImbXMLNSCParser::parseFirstChild' (CHARACTER)
      (0x03000000:NameValue):Type            = '' (CHARACTER)
      (0x03000000:NameValue):Name            = '' (CHARACTER)
      (0x03000000:NameValue):Label           = '' (CHARACTER)
      (0x03000000:NameValue):Catalog         = 'BIPmsgs' (CHARACTER)
      (0x03000000:NameValue):Severity        = 3 (INTEGER)
      (0x03000000:NameValue):Number          = 5009 (INTEGER)
      (0x03000000:NameValue):Text            = 'XML Parsing Errors have occurred' (CHARACTER)
      (0x01000000:Name     ):ParserException = (
        (0x03000000:NameValue):File     = '/jenkins/slot0/product-build/WMB/src/MTI/MTIforBroker/GenXmlParser4/ImbXMLNSCDocHandler.cpp' (CHARACTER)
        (0x03000000:NameValue):Line     = 773 (INTEGER)
        (0x03000000:NameValue):Function = 'ImbXMLNSCDocHandler::handleParseErrors' (CHARACTER)
        (0x03000000:NameValue):Type     = 'ComIbmMQInputNode' (CHARACTER)
        (0x03000000:NameValue):Name     = 'app.operations.valid.myoperations#FCMComposite_1_1' (CHARACTER)
        (0x03000000:NameValue):Label    = 'app.operations.valid.myoperations.MQ Input' (CHARACTER)
        (0x03000000:NameValue):Catalog  = 'BIPmsgs' (CHARACTER)
        (0x03000000:NameValue):Severity = 3 (INTEGER)
        (0x03000000:NameValue):Number   = 5004 (INTEGER)
        (0x03000000:NameValue):Text     = 'An XML parsing error has occurred while parsing the XML document' (CHARACTER)
        (0x01000000:Name     ):Insert   = (
          (0x03000000:NameValue):Type = 2 (INTEGER)
          (0x03000000:NameValue):Text = '1504' (CHARACTER)
        )
        (0x01000000:Name     ):Insert   = (
          (0x03000000:NameValue):Type = 2 (INTEGER)
          (0x03000000:NameValue):Text = '2' (CHARACTER)
        )
        (0x01000000:Name     ):Insert   = (
          (0x03000000:NameValue):Type = 2 (INTEGER)
          (0x03000000:NameValue):Text = '1' (CHARACTER)
        )
        (0x01000000:Name     ):Insert   = (
          (0x03000000:NameValue):Type = 2 (INTEGER)
          (0x03000000:NameValue):Text = '1' (CHARACTER)
        )
        (0x01000000:Name     ):Insert   = (
          (0x03000000:NameValue):Type = 5 (INTEGER)
          (0x03000000:NameValue):Text = 'An invalid XML character (Unicode: 0x65) was found in the prolog of the document.' (CHARACTER)
        )
        (0x01000000:Name     ):Insert   = (
          (0x03000000:NameValue):Type = 5 (INTEGER)
          (0x03000000:NameValue):Text = '/Root/XMLNSC' (CHARACTER)
        )
      )
    )
  )
)
----------------------------------------------------------MENSAJE ENTRADAxd
VER ROOT: ( ['MQROOT' : 0x7fc07805a380]
  (0x01000000:Name  ):Properties = ( ['MQPROPERTYPARSER' : 0x7fc0780afb20]
    (0x03000000:NameValue):MessageSet             = '' (CHARACTER)
    (0x03000000:NameValue):MessageType            = '' (CHARACTER)
    (0x03000000:NameValue):MessageFormat          = '' (CHARACTER)
    (0x03000000:NameValue):Encoding               = 546 (INTEGER)
    (0x03000000:NameValue):CodedCharSetId         = 1208 (INTEGER)
    (0x03000000:NameValue):Transactional          = TRUE (BOOLEAN)
    (0x03000000:NameValue):Persistence            = FALSE (BOOLEAN)
    (0x03000000:NameValue):CreationTime           = GMTTIMESTAMP '2020-01-15 21:50:10.770' (GMTTIMESTAMP)
    (0x03000000:NameValue):ExpirationTime         = -1 (INTEGER)
    (0x03000000:NameValue):Priority               = 0 (INTEGER)
    (0x03000000:NameValue):ReplyIdentifier        = X'000000000000000000000000000000000000000000000000' (BLOB)
    (0x03000000:NameValue):ReplyProtocol          = 'MQ' (CHARACTER)
    (0x03000000:NameValue):Topic                  = NULL
    (0x03000000:NameValue):ContentType            = '' (CHARACTER)
    (0x03000000:NameValue):IdentitySourceType     = '' (CHARACTER)
    (0x03000000:NameValue):IdentitySourceToken    = '' (CHARACTER)
    (0x03000000:NameValue):IdentitySourcePassword = '' (CHARACTER)
    (0x03000000:NameValue):IdentitySourceIssuedBy = '' (CHARACTER)
    (0x03000000:NameValue):IdentityMappedType     = '' (CHARACTER)
    (0x03000000:NameValue):IdentityMappedToken    = '' (CHARACTER)
    (0x03000000:NameValue):IdentityMappedPassword = '' (CHARACTER)
    (0x03000000:NameValue):IdentityMappedIssuedBy = '' (CHARACTER)
  )
  (0x01000000:Name  ):MQMD       = ( ['MQHMD' : 0x7fc07805abf0]
    (0x03000000:NameValue):SourceQueue      = 'QL.OPE.REQ.01' (CHARACTER)
    (0x03000000:NameValue):Transactional    = TRUE (BOOLEAN)
    (0x03000000:NameValue):Encoding         = 546 (INTEGER)
    (0x03000000:NameValue):CodedCharSetId   = 1208 (INTEGER)
    (0x03000000:NameValue):Format           = 'MQSTR   ' (CHARACTER)
    (0x03000000:NameValue):Version          = 2 (INTEGER)
    (0x03000000:NameValue):Report           = 0 (INTEGER)
    (0x03000000:NameValue):MsgType          = 8 (INTEGER)
    (0x03000000:NameValue):Expiry           = -1 (INTEGER)
    (0x03000000:NameValue):Feedback         = 0 (INTEGER)
    (0x03000000:NameValue):Priority         = 0 (INTEGER)
    (0x03000000:NameValue):Persistence      = 0 (INTEGER)
    (0x03000000:NameValue):MsgId            = X'414d5120514d475231202020202020204d6d1f5e02a18620' (BLOB)
    (0x03000000:NameValue):CorrelId         = X'000000000000000000000000000000000000000000000000' (BLOB)
    (0x03000000:NameValue):BackoutCount     = 0 (INTEGER)
    (0x03000000:NameValue):ReplyToQ         = '                                                ' (CHARACTER)
    (0x03000000:NameValue):ReplyToQMgr      = 'QMGR1                                           ' (CHARACTER)
    (0x03000000:NameValue):UserIdentifier   = 'sdyalor     ' (CHARACTER)
    (0x03000000:NameValue):AccountingToken  = X'0431303030000000000000000000000000000000000000000000000000000006' (BLOB)
    (0x03000000:NameValue):ApplIdentityData = '                                ' (CHARACTER)
    (0x03000000:NameValue):PutApplType      = 6 (INTEGER)
    (0x03000000:NameValue):PutApplName      = 'MQ Explorer 9.1.4           ' (CHARACTER)
    (0x03000000:NameValue):PutDate          = DATE '2020-01-15' (DATE)
    (0x03000000:NameValue):PutTime          = GMTTIME '21:50:10.770' (GMTTIME)
    (0x03000000:NameValue):ApplOriginData   = '    ' (CHARACTER)
    (0x03000000:NameValue):GroupId          = X'000000000000000000000000000000000000000000000000' (BLOB)
    (0x03000000:NameValue):MsgSeqNumber     = 1 (INTEGER)
    (0x03000000:NameValue):Offset           = 0 (INTEGER)
    (0x03000000:NameValue):MsgFlags         = 0 (INTEGER)
    (0x03000000:NameValue):OriginalLength   = -1 (INTEGER)
  )
  (0x01000000:Folder):XMLNSC     = 
)
EXC : ( ['MQROOT' : 0x7fc07806a7a0]
  (0x01000000:Name):RecoverableException = (
    (0x03000000:NameValue):File            = '/jenkins/slot0/product-build/WMB/src/DataFlowEngine/SQLNodeLibrary/ImbTraceNode.cpp' (CHARACTER)
    (0x03000000:NameValue):Line            = 317 (INTEGER)
    (0x03000000:NameValue):Function        = 'ImbTraceNode::evaluate' (CHARACTER)
    (0x03000000:NameValue):Type            = 'ComIbmTraceNode' (CHARACTER)
    (0x03000000:NameValue):Name            = 'app.operations.valid.myoperations#FCMComposite_1_4' (CHARACTER)
    (0x03000000:NameValue):Label           = 'app.operations.valid.myoperations.InputSucc' (CHARACTER)
    (0x03000000:NameValue):Catalog         = 'BIPmsgs' (CHARACTER)
    (0x03000000:NameValue):Severity        = 3 (INTEGER)
    (0x03000000:NameValue):Number          = 2230 (INTEGER)
    (0x03000000:NameValue):Text            = 'Caught exception and rethrowing' (CHARACTER)
    (0x01000000:Name     ):Insert          = (
      (0x03000000:NameValue):Type = 14 (INTEGER)
      (0x03000000:NameValue):Text = 'app.operations.valid.myoperations.InputSucc' (CHARACTER)
    )
    (0x01000000:Name     ):ParserException = (
      (0x03000000:NameValue):File            = '/jenkins/slot0/product-build/WMB/src/MTI/MTIforBroker/GenXmlParser4/ImbXMLNSCParser.cpp' (CHARACTER)
      (0x03000000:NameValue):Line            = 1066 (INTEGER)
      (0x03000000:NameValue):Function        = 'ImbXMLNSCParser::parseFirstChild' (CHARACTER)
      (0x03000000:NameValue):Type            = '' (CHARACTER)
      (0x03000000:NameValue):Name            = '' (CHARACTER)
      (0x03000000:NameValue):Label           = '' (CHARACTER)
      (0x03000000:NameValue):Catalog         = 'BIPmsgs' (CHARACTER)
      (0x03000000:NameValue):Severity        = 3 (INTEGER)
      (0x03000000:NameValue):Number          = 5009 (INTEGER)
      (0x03000000:NameValue):Text            = 'XML Parsing Errors have occurred' (CHARACTER)
      (0x01000000:Name     ):ParserException = (
        (0x03000000:NameValue):File     = '/jenkins/slot0/product-build/WMB/src/MTI/MTIforBroker/GenXmlParser4/ImbXMLNSCDocHandler.cpp' (CHARACTER)
        (0x03000000:NameValue):Line     = 773 (INTEGER)
        (0x03000000:NameValue):Function = 'ImbXMLNSCDocHandler::handleParseErrors' (CHARACTER)
        (0x03000000:NameValue):Type     = 'ComIbmMQInputNode' (CHARACTER)
        (0x03000000:NameValue):Name     = 'app.operations.valid.myoperations#FCMComposite_1_1' (CHARACTER)
        (0x03000000:NameValue):Label    = 'app.operations.valid.myoperations.MQ Input' (CHARACTER)
        (0x03000000:NameValue):Catalog  = 'BIPmsgs' (CHARACTER)
        (0x03000000:NameValue):Severity = 3 (INTEGER)
        (0x03000000:NameValue):Number   = 5004 (INTEGER)
        (0x03000000:NameValue):Text     = 'An XML parsing error has occurred while parsing the XML document' (CHARACTER)
        (0x01000000:Name     ):Insert   = (
          (0x03000000:NameValue):Type = 2 (INTEGER)
          (0x03000000:NameValue):Text = '1504' (CHARACTER)
        )
        (0x01000000:Name     ):Insert   = (
          (0x03000000:NameValue):Type = 2 (INTEGER)
          (0x03000000:NameValue):Text = '2' (CHARACTER)
        )
        (0x01000000:Name     ):Insert   = (
          (0x03000000:NameValue):Type = 2 (INTEGER)
          (0x03000000:NameValue):Text = '1' (CHARACTER)
        )
        (0x01000000:Name     ):Insert   = (
          (0x03000000:NameValue):Type = 2 (INTEGER)
          (0x03000000:NameValue):Text = '1' (CHARACTER)
        )
        (0x01000000:Name     ):Insert   = (
          (0x03000000:NameValue):Type = 5 (INTEGER)
          (0x03000000:NameValue):Text = 'An invalid XML character (Unicode: 0x65) was found in the prolog of the document.' (CHARACTER)
        )
        (0x01000000:Name     ):Insert   = (
          (0x03000000:NameValue):Type = 5 (INTEGER)
          (0x03000000:NameValue):Text = '/Root/XMLNSC' (CHARACTER)
        )
      )
    )
  )
)
----------------------------------------------------------MENSAJE ENTRADAxd
VER ROOT: ( ['MQROOT' : 0x7fc07805a380]
  (0x01000000:Name  ):Properties = ( ['MQPROPERTYPARSER' : 0x7fc0780afb20]
    (0x03000000:NameValue):MessageSet             = '' (CHARACTER)
    (0x03000000:NameValue):MessageType            = '' (CHARACTER)
    (0x03000000:NameValue):MessageFormat          = '' (CHARACTER)
    (0x03000000:NameValue):Encoding               = 546 (INTEGER)
    (0x03000000:NameValue):CodedCharSetId         = 1208 (INTEGER)
    (0x03000000:NameValue):Transactional          = TRUE (BOOLEAN)
    (0x03000000:NameValue):Persistence            = FALSE (BOOLEAN)
    (0x03000000:NameValue):CreationTime           = GMTTIMESTAMP '2020-01-15 21:50:20.950' (GMTTIMESTAMP)
    (0x03000000:NameValue):ExpirationTime         = -1 (INTEGER)
    (0x03000000:NameValue):Priority               = 0 (INTEGER)
    (0x03000000:NameValue):ReplyIdentifier        = X'000000000000000000000000000000000000000000000000' (BLOB)
    (0x03000000:NameValue):ReplyProtocol          = 'MQ' (CHARACTER)
    (0x03000000:NameValue):Topic                  = NULL
    (0x03000000:NameValue):ContentType            = '' (CHARACTER)
    (0x03000000:NameValue):IdentitySourceType     = '' (CHARACTER)
    (0x03000000:NameValue):IdentitySourceToken    = '' (CHARACTER)
    (0x03000000:NameValue):IdentitySourcePassword = '' (CHARACTER)
    (0x03000000:NameValue):IdentitySourceIssuedBy = '' (CHARACTER)
    (0x03000000:NameValue):IdentityMappedType     = '' (CHARACTER)
    (0x03000000:NameValue):IdentityMappedToken    = '' (CHARACTER)
    (0x03000000:NameValue):IdentityMappedPassword = '' (CHARACTER)
    (0x03000000:NameValue):IdentityMappedIssuedBy = '' (CHARACTER)
  )
  (0x01000000:Name  ):MQMD       = ( ['MQHMD' : 0x7fc07805abf0]
    (0x03000000:NameValue):SourceQueue      = 'QL.OPE.REQ.01' (CHARACTER)
    (0x03000000:NameValue):Transactional    = TRUE (BOOLEAN)
    (0x03000000:NameValue):Encoding         = 546 (INTEGER)
    (0x03000000:NameValue):CodedCharSetId   = 1208 (INTEGER)
    (0x03000000:NameValue):Format           = 'MQSTR   ' (CHARACTER)
    (0x03000000:NameValue):Version          = 2 (INTEGER)
    (0x03000000:NameValue):Report           = 0 (INTEGER)
    (0x03000000:NameValue):MsgType          = 8 (INTEGER)
    (0x03000000:NameValue):Expiry           = -1 (INTEGER)
    (0x03000000:NameValue):Feedback         = 0 (INTEGER)
    (0x03000000:NameValue):Priority         = 0 (INTEGER)
    (0x03000000:NameValue):Persistence      = 0 (INTEGER)
    (0x03000000:NameValue):MsgId            = X'414d5120514d475231202020202020204d6d1f5e04a18620' (BLOB)
    (0x03000000:NameValue):CorrelId         = X'000000000000000000000000000000000000000000000000' (BLOB)
    (0x03000000:NameValue):BackoutCount     = 0 (INTEGER)
    (0x03000000:NameValue):ReplyToQ         = '                                                ' (CHARACTER)
    (0x03000000:NameValue):ReplyToQMgr      = 'QMGR1                                           ' (CHARACTER)
    (0x03000000:NameValue):UserIdentifier   = 'sdyalor     ' (CHARACTER)
    (0x03000000:NameValue):AccountingToken  = X'0431303030000000000000000000000000000000000000000000000000000006' (BLOB)
    (0x03000000:NameValue):ApplIdentityData = '                                ' (CHARACTER)
    (0x03000000:NameValue):PutApplType      = 6 (INTEGER)
    (0x03000000:NameValue):PutApplName      = 'MQ Explorer 9.1.4           ' (CHARACTER)
    (0x03000000:NameValue):PutDate          = DATE '2020-01-15' (DATE)
    (0x03000000:NameValue):PutTime          = GMTTIME '21:50:20.950' (GMTTIME)
    (0x03000000:NameValue):ApplOriginData   = '    ' (CHARACTER)
    (0x03000000:NameValue):GroupId          = X'000000000000000000000000000000000000000000000000' (BLOB)
    (0x03000000:NameValue):MsgSeqNumber     = 1 (INTEGER)
    (0x03000000:NameValue):Offset           = 0 (INTEGER)
    (0x03000000:NameValue):MsgFlags         = 0 (INTEGER)
    (0x03000000:NameValue):OriginalLength   = -1 (INTEGER)
  )
  (0x01000000:Folder):XMLNSC     = 
)
EXC : ( ['MQROOT' : 0x7fc07806a7a0]
  (0x01000000:Name):RecoverableException = (
    (0x03000000:NameValue):File            = '/jenkins/slot0/product-build/WMB/src/DataFlowEngine/SQLNodeLibrary/ImbTraceNode.cpp' (CHARACTER)
    (0x03000000:NameValue):Line            = 317 (INTEGER)
    (0x03000000:NameValue):Function        = 'ImbTraceNode::evaluate' (CHARACTER)
    (0x03000000:NameValue):Type            = 'ComIbmTraceNode' (CHARACTER)
    (0x03000000:NameValue):Name            = 'app.operations.valid.myoperations#FCMComposite_1_4' (CHARACTER)
    (0x03000000:NameValue):Label           = 'app.operations.valid.myoperations.InputSucc' (CHARACTER)
    (0x03000000:NameValue):Catalog         = 'BIPmsgs' (CHARACTER)
    (0x03000000:NameValue):Severity        = 3 (INTEGER)
    (0x03000000:NameValue):Number          = 2230 (INTEGER)
    (0x03000000:NameValue):Text            = 'Caught exception and rethrowing' (CHARACTER)
    (0x01000000:Name     ):Insert          = (
      (0x03000000:NameValue):Type = 14 (INTEGER)
      (0x03000000:NameValue):Text = 'app.operations.valid.myoperations.InputSucc' (CHARACTER)
    )
    (0x01000000:Name     ):ParserException = (
      (0x03000000:NameValue):File            = '/jenkins/slot0/product-build/WMB/src/MTI/MTIforBroker/GenXmlParser4/ImbXMLNSCParser.cpp' (CHARACTER)
      (0x03000000:NameValue):Line            = 1066 (INTEGER)
      (0x03000000:NameValue):Function        = 'ImbXMLNSCParser::parseFirstChild' (CHARACTER)
      (0x03000000:NameValue):Type            = '' (CHARACTER)
      (0x03000000:NameValue):Name            = '' (CHARACTER)
      (0x03000000:NameValue):Label           = '' (CHARACTER)
      (0x03000000:NameValue):Catalog         = 'BIPmsgs' (CHARACTER)
      (0x03000000:NameValue):Severity        = 3 (INTEGER)
      (0x03000000:NameValue):Number          = 5009 (INTEGER)
      (0x03000000:NameValue):Text            = 'XML Parsing Errors have occurred' (CHARACTER)
      (0x01000000:Name     ):ParserException = (
        (0x03000000:NameValue):File     = '/jenkins/slot0/product-build/WMB/src/MTI/MTIforBroker/GenXmlParser4/ImbXMLNSCDocHandler.cpp' (CHARACTER)
        (0x03000000:NameValue):Line     = 773 (INTEGER)
        (0x03000000:NameValue):Function = 'ImbXMLNSCDocHandler::handleParseErrors' (CHARACTER)
        (0x03000000:NameValue):Type     = 'ComIbmMQInputNode' (CHARACTER)
        (0x03000000:NameValue):Name     = 'app.operations.valid.myoperations#FCMComposite_1_1' (CHARACTER)
        (0x03000000:NameValue):Label    = 'app.operations.valid.myoperations.MQ Input' (CHARACTER)
        (0x03000000:NameValue):Catalog  = 'BIPmsgs' (CHARACTER)
        (0x03000000:NameValue):Severity = 3 (INTEGER)
        (0x03000000:NameValue):Number   = 5004 (INTEGER)
        (0x03000000:NameValue):Text     = 'An XML parsing error has occurred while parsing the XML document' (CHARACTER)
        (0x01000000:Name     ):Insert   = (
          (0x03000000:NameValue):Type = 2 (INTEGER)
          (0x03000000:NameValue):Text = '1504' (CHARACTER)
        )
        (0x01000000:Name     ):Insert   = (
          (0x03000000:NameValue):Type = 2 (INTEGER)
          (0x03000000:NameValue):Text = '2' (CHARACTER)
        )
        (0x01000000:Name     ):Insert   = (
          (0x03000000:NameValue):Type = 2 (INTEGER)
          (0x03000000:NameValue):Text = '1' (CHARACTER)
        )
        (0x01000000:Name     ):Insert   = (
          (0x03000000:NameValue):Type = 2 (INTEGER)
          (0x03000000:NameValue):Text = '1' (CHARACTER)
        )
        (0x01000000:Name     ):Insert   = (
          (0x03000000:NameValue):Type = 5 (INTEGER)
          (0x03000000:NameValue):Text = 'An invalid XML character (Unicode: 0x73) was found in the prolog of the document.' (CHARACTER)
        )
        (0x01000000:Name     ):Insert   = (
          (0x03000000:NameValue):Type = 5 (INTEGER)
          (0x03000000:NameValue):Text = '/Root/XMLNSC' (CHARACTER)
        )
      )
    )
  )
)
----------------------------------------------------------MENSAJE ENTRADAxd
VER ROOT: ( ['MQROOT' : 0x7fc07805a380]
  (0x01000000:Name  ):Properties = ( ['MQPROPERTYPARSER' : 0x7fc0780afb20]
    (0x03000000:NameValue):MessageSet             = '' (CHARACTER)
    (0x03000000:NameValue):MessageType            = '' (CHARACTER)
    (0x03000000:NameValue):MessageFormat          = '' (CHARACTER)
    (0x03000000:NameValue):Encoding               = 546 (INTEGER)
    (0x03000000:NameValue):CodedCharSetId         = 1208 (INTEGER)
    (0x03000000:NameValue):Transactional          = TRUE (BOOLEAN)
    (0x03000000:NameValue):Persistence            = FALSE (BOOLEAN)
    (0x03000000:NameValue):CreationTime           = GMTTIMESTAMP '2020-01-15 21:50:37.270' (GMTTIMESTAMP)
    (0x03000000:NameValue):ExpirationTime         = -1 (INTEGER)
    (0x03000000:NameValue):Priority               = 0 (INTEGER)
    (0x03000000:NameValue):ReplyIdentifier        = X'000000000000000000000000000000000000000000000000' (BLOB)
    (0x03000000:NameValue):ReplyProtocol          = 'MQ' (CHARACTER)
    (0x03000000:NameValue):Topic                  = NULL
    (0x03000000:NameValue):ContentType            = '' (CHARACTER)
    (0x03000000:NameValue):IdentitySourceType     = '' (CHARACTER)
    (0x03000000:NameValue):IdentitySourceToken    = '' (CHARACTER)
    (0x03000000:NameValue):IdentitySourcePassword = '' (CHARACTER)
    (0x03000000:NameValue):IdentitySourceIssuedBy = '' (CHARACTER)
    (0x03000000:NameValue):IdentityMappedType     = '' (CHARACTER)
    (0x03000000:NameValue):IdentityMappedToken    = '' (CHARACTER)
    (0x03000000:NameValue):IdentityMappedPassword = '' (CHARACTER)
    (0x03000000:NameValue):IdentityMappedIssuedBy = '' (CHARACTER)
  )
  (0x01000000:Name  ):MQMD       = ( ['MQHMD' : 0x7fc07805abf0]
    (0x03000000:NameValue):SourceQueue      = 'QL.OPE.REQ.01' (CHARACTER)
    (0x03000000:NameValue):Transactional    = TRUE (BOOLEAN)
    (0x03000000:NameValue):Encoding         = 546 (INTEGER)
    (0x03000000:NameValue):CodedCharSetId   = 1208 (INTEGER)
    (0x03000000:NameValue):Format           = 'MQSTR   ' (CHARACTER)
    (0x03000000:NameValue):Version          = 2 (INTEGER)
    (0x03000000:NameValue):Report           = 0 (INTEGER)
    (0x03000000:NameValue):MsgType          = 8 (INTEGER)
    (0x03000000:NameValue):Expiry           = -1 (INTEGER)
    (0x03000000:NameValue):Feedback         = 0 (INTEGER)
    (0x03000000:NameValue):Priority         = 0 (INTEGER)
    (0x03000000:NameValue):Persistence      = 0 (INTEGER)
    (0x03000000:NameValue):MsgId            = X'414d5120514d475231202020202020204d6d1f5e06a18620' (BLOB)
    (0x03000000:NameValue):CorrelId         = X'000000000000000000000000000000000000000000000000' (BLOB)
    (0x03000000:NameValue):BackoutCount     = 0 (INTEGER)
    (0x03000000:NameValue):ReplyToQ         = '                                                ' (CHARACTER)
    (0x03000000:NameValue):ReplyToQMgr      = 'QMGR1                                           ' (CHARACTER)
    (0x03000000:NameValue):UserIdentifier   = 'sdyalor     ' (CHARACTER)
    (0x03000000:NameValue):AccountingToken  = X'0431303030000000000000000000000000000000000000000000000000000006' (BLOB)
    (0x03000000:NameValue):ApplIdentityData = '                                ' (CHARACTER)
    (0x03000000:NameValue):PutApplType      = 6 (INTEGER)
    (0x03000000:NameValue):PutApplName      = 'MQ Explorer 9.1.4           ' (CHARACTER)
    (0x03000000:NameValue):PutDate          = DATE '2020-01-15' (DATE)
    (0x03000000:NameValue):PutTime          = GMTTIME '21:50:37.270' (GMTTIME)
    (0x03000000:NameValue):ApplOriginData   = '    ' (CHARACTER)
    (0x03000000:NameValue):GroupId          = X'000000000000000000000000000000000000000000000000' (BLOB)
    (0x03000000:NameValue):MsgSeqNumber     = 1 (INTEGER)
    (0x03000000:NameValue):Offset           = 0 (INTEGER)
    (0x03000000:NameValue):MsgFlags         = 0 (INTEGER)
    (0x03000000:NameValue):OriginalLength   = -1 (INTEGER)
  )
  (0x01000000:Folder):XMLNSC     = ( ['xmlnsc' : 0x7fc0780b6730]
    (0x03000000:PCDataField):h2 = 'operation' (CHARACTER)
  )
)
EXC : ( ['MQROOT' : 0x7fc07806a7a0]
  (0x01000000:Name):RecoverableException = (
    (0x03000000:NameValue):File             = '/jenkins/slot0/product-build/WMB/src/DataFlowEngine/TemplateNodes/ImbOutputTemplateNode.cpp' (CHARACTER)
    (0x03000000:NameValue):Line             = 260 (INTEGER)
    (0x03000000:NameValue):Function         = 'ImbOutputTemplateNode::processMessageAssemblyToFailure' (CHARACTER)
    (0x03000000:NameValue):Type             = 'ComIbmMQOutputNode' (CHARACTER)
    (0x03000000:NameValue):Name             = 'app.operations.valid.myoperations#FCMComposite_1_2' (CHARACTER)
    (0x03000000:NameValue):Label            = 'app.operations.valid.myoperations.MQ Output' (CHARACTER)
    (0x03000000:NameValue):Catalog          = 'BIPmsgs' (CHARACTER)
    (0x03000000:NameValue):Severity         = 3 (INTEGER)
    (0x03000000:NameValue):Number           = 2230 (INTEGER)
    (0x03000000:NameValue):Text             = 'Caught exception and rethrowing' (CHARACTER)
    (0x01000000:Name     ):Insert           = (
      (0x03000000:NameValue):Type = 14 (INTEGER)
      (0x03000000:NameValue):Text = 'app.operations.valid.myoperations.MQ Output' (CHARACTER)
    )
    (0x01000000:Name     ):MessageException = (
      (0x03000000:NameValue):File     = '/jenkins/slot0/product-build/WMB/src/DataFlowEngine/Connectors/lib/ImbOutputNode.cpp' (CHARACTER)
      (0x03000000:NameValue):Line     = 417 (INTEGER)
      (0x03000000:NameValue):Function = 'ImbOutputNode::sendData' (CHARACTER)
      (0x03000000:NameValue):Type     = 'ComIbmMQOutputNode' (CHARACTER)
      (0x03000000:NameValue):Name     = 'app.operations.valid.myoperations#FCMComposite_1_2' (CHARACTER)
      (0x03000000:NameValue):Label    = 'app.operations.valid.myoperations.MQ Output' (CHARACTER)
      (0x03000000:NameValue):Catalog  = 'BIPmsgs' (CHARACTER)
      (0x03000000:NameValue):Severity = 3 (INTEGER)
      (0x03000000:NameValue):Number   = 2665 (INTEGER)
      (0x03000000:NameValue):Text     = 'Invalid destination list' (CHARACTER)
      (0x01000000:Name     ):Insert   = (
        (0x03000000:NameValue):Type = 2 (INTEGER)
        (0x03000000:NameValue):Text = '-1' (CHARACTER)
      )
      (0x01000000:Name     ):Insert   = (
        (0x03000000:NameValue):Type = 5 (INTEGER)
        (0x03000000:NameValue):Text = 'MQW005' (CHARACTER)
      )
      (0x01000000:Name     ):Insert   = (
        (0x03000000:NameValue):Type = 2 (INTEGER)
        (0x03000000:NameValue):Text = '0' (CHARACTER)
      )
      (0x01000000:Name     ):Insert   = (
        (0x03000000:NameValue):Type = 5 (INTEGER)
        (0x03000000:NameValue):Text = '' (CHARACTER)
      )
      (0x01000000:Name     ):Insert   = (
        (0x03000000:NameValue):Type = 14 (INTEGER)
        (0x03000000:NameValue):Text = 'app.operations.valid.myoperations.MQ Output' (CHARACTER)
      )
    )
  )
)
----------------------------------------------------------MENSAJE ENTRADAxd
VER ROOT: ( ['MQROOT' : 0x7fc07805a380]
  (0x01000000:Name  ):Properties = ( ['MQPROPERTYPARSER' : 0x7fc0780afb20]
    (0x03000000:NameValue):MessageSet             = '' (CHARACTER)
    (0x03000000:NameValue):MessageType            = '' (CHARACTER)
    (0x03000000:NameValue):MessageFormat          = '' (CHARACTER)
    (0x03000000:NameValue):Encoding               = 546 (INTEGER)
    (0x03000000:NameValue):CodedCharSetId         = 1208 (INTEGER)
    (0x03000000:NameValue):Transactional          = TRUE (BOOLEAN)
    (0x03000000:NameValue):Persistence            = FALSE (BOOLEAN)
    (0x03000000:NameValue):CreationTime           = GMTTIMESTAMP '2020-01-15 21:50:53.590' (GMTTIMESTAMP)
    (0x03000000:NameValue):ExpirationTime         = -1 (INTEGER)
    (0x03000000:NameValue):Priority               = 0 (INTEGER)
    (0x03000000:NameValue):ReplyIdentifier        = X'000000000000000000000000000000000000000000000000' (BLOB)
    (0x03000000:NameValue):ReplyProtocol          = 'MQ' (CHARACTER)
    (0x03000000:NameValue):Topic                  = NULL
    (0x03000000:NameValue):ContentType            = '' (CHARACTER)
    (0x03000000:NameValue):IdentitySourceType     = '' (CHARACTER)
    (0x03000000:NameValue):IdentitySourceToken    = '' (CHARACTER)
    (0x03000000:NameValue):IdentitySourcePassword = '' (CHARACTER)
    (0x03000000:NameValue):IdentitySourceIssuedBy = '' (CHARACTER)
    (0x03000000:NameValue):IdentityMappedType     = '' (CHARACTER)
    (0x03000000:NameValue):IdentityMappedToken    = '' (CHARACTER)
    (0x03000000:NameValue):IdentityMappedPassword = '' (CHARACTER)
    (0x03000000:NameValue):IdentityMappedIssuedBy = '' (CHARACTER)
  )
  (0x01000000:Name  ):MQMD       = ( ['MQHMD' : 0x7fc07805abf0]
    (0x03000000:NameValue):SourceQueue      = 'QL.OPE.REQ.01' (CHARACTER)
    (0x03000000:NameValue):Transactional    = TRUE (BOOLEAN)
    (0x03000000:NameValue):Encoding         = 546 (INTEGER)
    (0x03000000:NameValue):CodedCharSetId   = 1208 (INTEGER)
    (0x03000000:NameValue):Format           = 'MQSTR   ' (CHARACTER)
    (0x03000000:NameValue):Version          = 2 (INTEGER)
    (0x03000000:NameValue):Report           = 0 (INTEGER)
    (0x03000000:NameValue):MsgType          = 8 (INTEGER)
    (0x03000000:NameValue):Expiry           = -1 (INTEGER)
    (0x03000000:NameValue):Feedback         = 0 (INTEGER)
    (0x03000000:NameValue):Priority         = 0 (INTEGER)
    (0x03000000:NameValue):Persistence      = 0 (INTEGER)
    (0x03000000:NameValue):MsgId            = X'414d5120514d475231202020202020204d6d1f5e08a18620' (BLOB)
    (0x03000000:NameValue):CorrelId         = X'000000000000000000000000000000000000000000000000' (BLOB)
    (0x03000000:NameValue):BackoutCount     = 0 (INTEGER)
    (0x03000000:NameValue):ReplyToQ         = '                                                ' (CHARACTER)
    (0x03000000:NameValue):ReplyToQMgr      = 'QMGR1                                           ' (CHARACTER)
    (0x03000000:NameValue):UserIdentifier   = 'sdyalor     ' (CHARACTER)
    (0x03000000:NameValue):AccountingToken  = X'0431303030000000000000000000000000000000000000000000000000000006' (BLOB)
    (0x03000000:NameValue):ApplIdentityData = '                                ' (CHARACTER)
    (0x03000000:NameValue):PutApplType      = 6 (INTEGER)
    (0x03000000:NameValue):PutApplName      = 'MQ Explorer 9.1.4           ' (CHARACTER)
    (0x03000000:NameValue):PutDate          = DATE '2020-01-15' (DATE)
    (0x03000000:NameValue):PutTime          = GMTTIME '21:50:53.590' (GMTTIME)
    (0x03000000:NameValue):ApplOriginData   = '    ' (CHARACTER)
    (0x03000000:NameValue):GroupId          = X'000000000000000000000000000000000000000000000000' (BLOB)
    (0x03000000:NameValue):MsgSeqNumber     = 1 (INTEGER)
    (0x03000000:NameValue):Offset           = 0 (INTEGER)
    (0x03000000:NameValue):MsgFlags         = 0 (INTEGER)
    (0x03000000:NameValue):OriginalLength   = -1 (INTEGER)
  )
  (0x01000000:Folder):XMLNSC     = ( ['xmlnsc' : 0x7fc0780b6730]
    (0x03000000:PCDataField):h2 = 'error' (CHARACTER)
  )
)
EXC : ( ['MQROOT' : 0x7fc07806a7a0]
  (0x01000000:Name):RecoverableException = (
    (0x03000000:NameValue):File             = '/jenkins/slot0/product-build/WMB/src/DataFlowEngine/TemplateNodes/ImbOutputTemplateNode.cpp' (CHARACTER)
    (0x03000000:NameValue):Line             = 260 (INTEGER)
    (0x03000000:NameValue):Function         = 'ImbOutputTemplateNode::processMessageAssemblyToFailure' (CHARACTER)
    (0x03000000:NameValue):Type             = 'ComIbmMQOutputNode' (CHARACTER)
    (0x03000000:NameValue):Name             = 'app.operations.valid.myoperations#FCMComposite_1_2' (CHARACTER)
    (0x03000000:NameValue):Label            = 'app.operations.valid.myoperations.MQ Output' (CHARACTER)
    (0x03000000:NameValue):Catalog          = 'BIPmsgs' (CHARACTER)
    (0x03000000:NameValue):Severity         = 3 (INTEGER)
    (0x03000000:NameValue):Number           = 2230 (INTEGER)
    (0x03000000:NameValue):Text             = 'Caught exception and rethrowing' (CHARACTER)
    (0x01000000:Name     ):Insert           = (
      (0x03000000:NameValue):Type = 14 (INTEGER)
      (0x03000000:NameValue):Text = 'app.operations.valid.myoperations.MQ Output' (CHARACTER)
    )
    (0x01000000:Name     ):MessageException = (
      (0x03000000:NameValue):File     = '/jenkins/slot0/product-build/WMB/src/DataFlowEngine/Connectors/lib/ImbOutputNode.cpp' (CHARACTER)
      (0x03000000:NameValue):Line     = 417 (INTEGER)
      (0x03000000:NameValue):Function = 'ImbOutputNode::sendData' (CHARACTER)
      (0x03000000:NameValue):Type     = 'ComIbmMQOutputNode' (CHARACTER)
      (0x03000000:NameValue):Name     = 'app.operations.valid.myoperations#FCMComposite_1_2' (CHARACTER)
      (0x03000000:NameValue):Label    = 'app.operations.valid.myoperations.MQ Output' (CHARACTER)
      (0x03000000:NameValue):Catalog  = 'BIPmsgs' (CHARACTER)
      (0x03000000:NameValue):Severity = 3 (INTEGER)
      (0x03000000:NameValue):Number   = 2665 (INTEGER)
      (0x03000000:NameValue):Text     = 'Invalid destination list' (CHARACTER)
      (0x01000000:Name     ):Insert   = (
        (0x03000000:NameValue):Type = 2 (INTEGER)
        (0x03000000:NameValue):Text = '-1' (CHARACTER)
      )
      (0x01000000:Name     ):Insert   = (
        (0x03000000:NameValue):Type = 5 (INTEGER)
        (0x03000000:NameValue):Text = 'MQW005' (CHARACTER)
      )
      (0x01000000:Name     ):Insert   = (
        (0x03000000:NameValue):Type = 2 (INTEGER)
        (0x03000000:NameValue):Text = '0' (CHARACTER)
      )
      (0x01000000:Name     ):Insert   = (
        (0x03000000:NameValue):Type = 5 (INTEGER)
        (0x03000000:NameValue):Text = '' (CHARACTER)
      )
      (0x01000000:Name     ):Insert   = (
        (0x03000000:NameValue):Type = 14 (INTEGER)
        (0x03000000:NameValue):Text = 'app.operations.valid.myoperations.MQ Output' (CHARACTER)
      )
    )
  )
)
----------------------------------------------------------MENSAJE ENTRADAxd
VER ROOT: ( ['MQROOT' : 0x7fc07805a380]
  (0x01000000:Name  ):Properties = ( ['MQPROPERTYPARSER' : 0x7fc0780afb20]
    (0x03000000:NameValue):MessageSet             = '' (CHARACTER)
    (0x03000000:NameValue):MessageType            = '' (CHARACTER)
    (0x03000000:NameValue):MessageFormat          = '' (CHARACTER)
    (0x03000000:NameValue):Encoding               = 546 (INTEGER)
    (0x03000000:NameValue):CodedCharSetId         = 1208 (INTEGER)
    (0x03000000:NameValue):Transactional          = TRUE (BOOLEAN)
    (0x03000000:NameValue):Persistence            = FALSE (BOOLEAN)
    (0x03000000:NameValue):CreationTime           = GMTTIMESTAMP '2020-01-15 21:51:23.950' (GMTTIMESTAMP)
    (0x03000000:NameValue):ExpirationTime         = -1 (INTEGER)
    (0x03000000:NameValue):Priority               = 0 (INTEGER)
    (0x03000000:NameValue):ReplyIdentifier        = X'000000000000000000000000000000000000000000000000' (BLOB)
    (0x03000000:NameValue):ReplyProtocol          = 'MQ' (CHARACTER)
    (0x03000000:NameValue):Topic                  = NULL
    (0x03000000:NameValue):ContentType            = '' (CHARACTER)
    (0x03000000:NameValue):IdentitySourceType     = '' (CHARACTER)
    (0x03000000:NameValue):IdentitySourceToken    = '' (CHARACTER)
    (0x03000000:NameValue):IdentitySourcePassword = '' (CHARACTER)
    (0x03000000:NameValue):IdentitySourceIssuedBy = '' (CHARACTER)
    (0x03000000:NameValue):IdentityMappedType     = '' (CHARACTER)
    (0x03000000:NameValue):IdentityMappedToken    = '' (CHARACTER)
    (0x03000000:NameValue):IdentityMappedPassword = '' (CHARACTER)
    (0x03000000:NameValue):IdentityMappedIssuedBy = '' (CHARACTER)
  )
  (0x01000000:Name  ):MQMD       = ( ['MQHMD' : 0x7fc07805abf0]
    (0x03000000:NameValue):SourceQueue      = 'QL.OPE.REQ.01' (CHARACTER)
    (0x03000000:NameValue):Transactional    = TRUE (BOOLEAN)
    (0x03000000:NameValue):Encoding         = 546 (INTEGER)
    (0x03000000:NameValue):CodedCharSetId   = 1208 (INTEGER)
    (0x03000000:NameValue):Format           = 'MQSTR   ' (CHARACTER)
    (0x03000000:NameValue):Version          = 2 (INTEGER)
    (0x03000000:NameValue):Report           = 0 (INTEGER)
    (0x03000000:NameValue):MsgType          = 8 (INTEGER)
    (0x03000000:NameValue):Expiry           = -1 (INTEGER)
    (0x03000000:NameValue):Feedback         = 0 (INTEGER)
    (0x03000000:NameValue):Priority         = 0 (INTEGER)
    (0x03000000:NameValue):Persistence      = 0 (INTEGER)
    (0x03000000:NameValue):MsgId            = X'414d5120514d475231202020202020204d6d1f5e02a68620' (BLOB)
    (0x03000000:NameValue):CorrelId         = X'000000000000000000000000000000000000000000000000' (BLOB)
    (0x03000000:NameValue):BackoutCount     = 0 (INTEGER)
    (0x03000000:NameValue):ReplyToQ         = '                                                ' (CHARACTER)
    (0x03000000:NameValue):ReplyToQMgr      = 'QMGR1                                           ' (CHARACTER)
    (0x03000000:NameValue):UserIdentifier   = 'sdyalor     ' (CHARACTER)
    (0x03000000:NameValue):AccountingToken  = X'0431303030000000000000000000000000000000000000000000000000000006' (BLOB)
    (0x03000000:NameValue):ApplIdentityData = '                                ' (CHARACTER)
    (0x03000000:NameValue):PutApplType      = 6 (INTEGER)
    (0x03000000:NameValue):PutApplName      = 'MQ Explorer 9.1.4           ' (CHARACTER)
    (0x03000000:NameValue):PutDate          = DATE '2020-01-15' (DATE)
    (0x03000000:NameValue):PutTime          = GMTTIME '21:51:23.950' (GMTTIME)
    (0x03000000:NameValue):ApplOriginData   = '    ' (CHARACTER)
    (0x03000000:NameValue):GroupId          = X'000000000000000000000000000000000000000000000000' (BLOB)
    (0x03000000:NameValue):MsgSeqNumber     = 1 (INTEGER)
    (0x03000000:NameValue):Offset           = 0 (INTEGER)
    (0x03000000:NameValue):MsgFlags         = 0 (INTEGER)
    (0x03000000:NameValue):OriginalLength   = -1 (INTEGER)
  )
  (0x01000000:Folder):XMLNSC     = ( ['xmlnsc' : 0x7fc0780b6730]
    (0x01000000:Folder):XMLMSC = (
      (0x03000000:PCDataField):DATA = '1' (CHARACTER)
    )
  )
)
EXC : ( ['MQROOT' : 0x7fc07806a7a0]
  (0x01000000:Name):RecoverableException = (
    (0x03000000:NameValue):File             = '/jenkins/slot0/product-build/WMB/src/DataFlowEngine/TemplateNodes/ImbOutputTemplateNode.cpp' (CHARACTER)
    (0x03000000:NameValue):Line             = 260 (INTEGER)
    (0x03000000:NameValue):Function         = 'ImbOutputTemplateNode::processMessageAssemblyToFailure' (CHARACTER)
    (0x03000000:NameValue):Type             = 'ComIbmMQOutputNode' (CHARACTER)
    (0x03000000:NameValue):Name             = 'app.operations.valid.myoperations#FCMComposite_1_2' (CHARACTER)
    (0x03000000:NameValue):Label            = 'app.operations.valid.myoperations.MQ Output' (CHARACTER)
    (0x03000000:NameValue):Catalog          = 'BIPmsgs' (CHARACTER)
    (0x03000000:NameValue):Severity         = 3 (INTEGER)
    (0x03000000:NameValue):Number           = 2230 (INTEGER)
    (0x03000000:NameValue):Text             = 'Caught exception and rethrowing' (CHARACTER)
    (0x01000000:Name     ):Insert           = (
      (0x03000000:NameValue):Type = 14 (INTEGER)
      (0x03000000:NameValue):Text = 'app.operations.valid.myoperations.MQ Output' (CHARACTER)
    )
    (0x01000000:Name     ):MessageException = (
      (0x03000000:NameValue):File     = '/jenkins/slot0/product-build/WMB/src/DataFlowEngine/Connectors/lib/ImbOutputNode.cpp' (CHARACTER)
      (0x03000000:NameValue):Line     = 417 (INTEGER)
      (0x03000000:NameValue):Function = 'ImbOutputNode::sendData' (CHARACTER)
      (0x03000000:NameValue):Type     = 'ComIbmMQOutputNode' (CHARACTER)
      (0x03000000:NameValue):Name     = 'app.operations.valid.myoperations#FCMComposite_1_2' (CHARACTER)
      (0x03000000:NameValue):Label    = 'app.operations.valid.myoperations.MQ Output' (CHARACTER)
      (0x03000000:NameValue):Catalog  = 'BIPmsgs' (CHARACTER)
      (0x03000000:NameValue):Severity = 3 (INTEGER)
      (0x03000000:NameValue):Number   = 2665 (INTEGER)
      (0x03000000:NameValue):Text     = 'Invalid destination list' (CHARACTER)
      (0x01000000:Name     ):Insert   = (
        (0x03000000:NameValue):Type = 2 (INTEGER)
        (0x03000000:NameValue):Text = '-1' (CHARACTER)
      )
      (0x01000000:Name     ):Insert   = (
        (0x03000000:NameValue):Type = 5 (INTEGER)
        (0x03000000:NameValue):Text = 'MQW005' (CHARACTER)
      )
      (0x01000000:Name     ):Insert   = (
        (0x03000000:NameValue):Type = 2 (INTEGER)
        (0x03000000:NameValue):Text = '0' (CHARACTER)
      )
      (0x01000000:Name     ):Insert   = (
        (0x03000000:NameValue):Type = 5 (INTEGER)
        (0x03000000:NameValue):Text = '' (CHARACTER)
      )
      (0x01000000:Name     ):Insert   = (
        (0x03000000:NameValue):Type = 14 (INTEGER)
        (0x03000000:NameValue):Text = 'app.operations.valid.myoperations.MQ Output' (CHARACTER)
      )
    )
  )
)
----------------------------------------------------------MENSAJE ENTRADAxd
VER ROOT: ( ['MQROOT' : 0x7fc0a009afc0]
  (0x01000000:Name  ):Properties = ( ['MQPROPERTYPARSER' : 0x7fc0a0168710]
    (0x03000000:NameValue):MessageSet             = '' (CHARACTER)
    (0x03000000:NameValue):MessageType            = '' (CHARACTER)
    (0x03000000:NameValue):MessageFormat          = '' (CHARACTER)
    (0x03000000:NameValue):Encoding               = 546 (INTEGER)
    (0x03000000:NameValue):CodedCharSetId         = 1208 (INTEGER)
    (0x03000000:NameValue):Transactional          = TRUE (BOOLEAN)
    (0x03000000:NameValue):Persistence            = FALSE (BOOLEAN)
    (0x03000000:NameValue):CreationTime           = GMTTIMESTAMP '2020-01-15 23:21:13.030' (GMTTIMESTAMP)
    (0x03000000:NameValue):ExpirationTime         = -1 (INTEGER)
    (0x03000000:NameValue):Priority               = 0 (INTEGER)
    (0x03000000:NameValue):ReplyIdentifier        = X'000000000000000000000000000000000000000000000000' (BLOB)
    (0x03000000:NameValue):ReplyProtocol          = 'MQ' (CHARACTER)
    (0x03000000:NameValue):Topic                  = NULL
    (0x03000000:NameValue):ContentType            = '' (CHARACTER)
    (0x03000000:NameValue):IdentitySourceType     = '' (CHARACTER)
    (0x03000000:NameValue):IdentitySourceToken    = '' (CHARACTER)
    (0x03000000:NameValue):IdentitySourcePassword = '' (CHARACTER)
    (0x03000000:NameValue):IdentitySourceIssuedBy = '' (CHARACTER)
    (0x03000000:NameValue):IdentityMappedType     = '' (CHARACTER)
    (0x03000000:NameValue):IdentityMappedToken    = '' (CHARACTER)
    (0x03000000:NameValue):IdentityMappedPassword = '' (CHARACTER)
    (0x03000000:NameValue):IdentityMappedIssuedBy = '' (CHARACTER)
  )
  (0x01000000:Name  ):MQMD       = ( ['MQHMD' : 0x7fc0a023fdb0]
    (0x03000000:NameValue):SourceQueue      = 'QL.OPE.REQ.01' (CHARACTER)
    (0x03000000:NameValue):Transactional    = TRUE (BOOLEAN)
    (0x03000000:NameValue):Encoding         = 546 (INTEGER)
    (0x03000000:NameValue):CodedCharSetId   = 1208 (INTEGER)
    (0x03000000:NameValue):Format           = 'MQSTR   ' (CHARACTER)
    (0x03000000:NameValue):Version          = 2 (INTEGER)
    (0x03000000:NameValue):Report           = 0 (INTEGER)
    (0x03000000:NameValue):MsgType          = 8 (INTEGER)
    (0x03000000:NameValue):Expiry           = -1 (INTEGER)
    (0x03000000:NameValue):Feedback         = 0 (INTEGER)
    (0x03000000:NameValue):Priority         = 0 (INTEGER)
    (0x03000000:NameValue):Persistence      = 0 (INTEGER)
    (0x03000000:NameValue):MsgId            = X'414d5120514d475231202020202020204d6d1f5e02d18720' (BLOB)
    (0x03000000:NameValue):CorrelId         = X'000000000000000000000000000000000000000000000000' (BLOB)
    (0x03000000:NameValue):BackoutCount     = 0 (INTEGER)
    (0x03000000:NameValue):ReplyToQ         = '                                                ' (CHARACTER)
    (0x03000000:NameValue):ReplyToQMgr      = 'QMGR1                                           ' (CHARACTER)
    (0x03000000:NameValue):UserIdentifier   = 'sdyalor     ' (CHARACTER)
    (0x03000000:NameValue):AccountingToken  = X'0431303030000000000000000000000000000000000000000000000000000006' (BLOB)
    (0x03000000:NameValue):ApplIdentityData = '                                ' (CHARACTER)
    (0x03000000:NameValue):PutApplType      = 6 (INTEGER)
    (0x03000000:NameValue):PutApplName      = 'MQ Explorer 9.1.4           ' (CHARACTER)
    (0x03000000:NameValue):PutDate          = DATE '2020-01-15' (DATE)
    (0x03000000:NameValue):PutTime          = GMTTIME '23:21:13.030' (GMTTIME)
    (0x03000000:NameValue):ApplOriginData   = '    ' (CHARACTER)
    (0x03000000:NameValue):GroupId          = X'000000000000000000000000000000000000000000000000' (BLOB)
    (0x03000000:NameValue):MsgSeqNumber     = 1 (INTEGER)
    (0x03000000:NameValue):Offset           = 0 (INTEGER)
    (0x03000000:NameValue):MsgFlags         = 0 (INTEGER)
    (0x03000000:NameValue):OriginalLength   = -1 (INTEGER)
  )
  (0x01000000:Folder):XMLNSC     = ( ['xmlnsc' : 0x7fc0a0248920]
    (0x03000000:PCDataField):h = '1' (CHARACTER)
  )
)
EXC : ( ['MQROOT' : 0x7fc0a095bfa0]
  (0x01000000:Name):RecoverableException = (
    (0x03000000:NameValue):File             = '/jenkins/slot0/product-build/WMB/src/DataFlowEngine/TemplateNodes/ImbOutputTemplateNode.cpp' (CHARACTER)
    (0x03000000:NameValue):Line             = 260 (INTEGER)
    (0x03000000:NameValue):Function         = 'ImbOutputTemplateNode::processMessageAssemblyToFailure' (CHARACTER)
    (0x03000000:NameValue):Type             = 'ComIbmMQOutputNode' (CHARACTER)
    (0x03000000:NameValue):Name             = 'app.operations.valid.myoperations#FCMComposite_1_2' (CHARACTER)
    (0x03000000:NameValue):Label            = 'app.operations.valid.myoperations.MQ Output' (CHARACTER)
    (0x03000000:NameValue):Catalog          = 'BIPmsgs' (CHARACTER)
    (0x03000000:NameValue):Severity         = 3 (INTEGER)
    (0x03000000:NameValue):Number           = 2230 (INTEGER)
    (0x03000000:NameValue):Text             = 'Caught exception and rethrowing' (CHARACTER)
    (0x01000000:Name     ):Insert           = (
      (0x03000000:NameValue):Type = 14 (INTEGER)
      (0x03000000:NameValue):Text = 'app.operations.valid.myoperations.MQ Output' (CHARACTER)
    )
    (0x01000000:Name     ):MessageException = (
      (0x03000000:NameValue):File     = '/jenkins/slot0/product-build/WMB/src/DataFlowEngine/Connectors/lib/ImbOutputNode.cpp' (CHARACTER)
      (0x03000000:NameValue):Line     = 417 (INTEGER)
      (0x03000000:NameValue):Function = 'ImbOutputNode::sendData' (CHARACTER)
      (0x03000000:NameValue):Type     = 'ComIbmMQOutputNode' (CHARACTER)
      (0x03000000:NameValue):Name     = 'app.operations.valid.myoperations#FCMComposite_1_2' (CHARACTER)
      (0x03000000:NameValue):Label    = 'app.operations.valid.myoperations.MQ Output' (CHARACTER)
      (0x03000000:NameValue):Catalog  = 'BIPmsgs' (CHARACTER)
      (0x03000000:NameValue):Severity = 3 (INTEGER)
      (0x03000000:NameValue):Number   = 2665 (INTEGER)
      (0x03000000:NameValue):Text     = 'Invalid destination list' (CHARACTER)
      (0x01000000:Name     ):Insert   = (
        (0x03000000:NameValue):Type = 2 (INTEGER)
        (0x03000000:NameValue):Text = '-1' (CHARACTER)
      )
      (0x01000000:Name     ):Insert   = (
        (0x03000000:NameValue):Type = 5 (INTEGER)
        (0x03000000:NameValue):Text = 'MQW005' (CHARACTER)
      )
      (0x01000000:Name     ):Insert   = (
        (0x03000000:NameValue):Type = 2 (INTEGER)
        (0x03000000:NameValue):Text = '0' (CHARACTER)
      )
      (0x01000000:Name     ):Insert   = (
        (0x03000000:NameValue):Type = 5 (INTEGER)
        (0x03000000:NameValue):Text = '' (CHARACTER)
      )
      (0x01000000:Name     ):Insert   = (
        (0x03000000:NameValue):Type = 14 (INTEGER)
        (0x03000000:NameValue):Text = 'app.operations.valid.myoperations.MQ Output' (CHARACTER)
      )
    )
  )
)
----------------------------------------------------------MENSAJE ENTRADAxd
VER ROOT: ( ['MQROOT' : 0x7fc0ac031d40]
  (0x01000000:Name  ):Properties = ( ['MQPROPERTYPARSER' : 0x7fc0ac0861a0]
    (0x03000000:NameValue):MessageSet             = '' (CHARACTER)
    (0x03000000:NameValue):MessageType            = '' (CHARACTER)
    (0x03000000:NameValue):MessageFormat          = '' (CHARACTER)
    (0x03000000:NameValue):Encoding               = 546 (INTEGER)
    (0x03000000:NameValue):CodedCharSetId         = 1208 (INTEGER)
    (0x03000000:NameValue):Transactional          = TRUE (BOOLEAN)
    (0x03000000:NameValue):Persistence            = FALSE (BOOLEAN)
    (0x03000000:NameValue):CreationTime           = GMTTIMESTAMP '2020-01-15 23:24:28.840' (GMTTIMESTAMP)
    (0x03000000:NameValue):ExpirationTime         = -1 (INTEGER)
    (0x03000000:NameValue):Priority               = 0 (INTEGER)
    (0x03000000:NameValue):ReplyIdentifier        = X'000000000000000000000000000000000000000000000000' (BLOB)
    (0x03000000:NameValue):ReplyProtocol          = 'MQ' (CHARACTER)
    (0x03000000:NameValue):Topic                  = NULL
    (0x03000000:NameValue):ContentType            = '' (CHARACTER)
    (0x03000000:NameValue):IdentitySourceType     = '' (CHARACTER)
    (0x03000000:NameValue):IdentitySourceToken    = '' (CHARACTER)
    (0x03000000:NameValue):IdentitySourcePassword = '' (CHARACTER)
    (0x03000000:NameValue):IdentitySourceIssuedBy = '' (CHARACTER)
    (0x03000000:NameValue):IdentityMappedType     = '' (CHARACTER)
    (0x03000000:NameValue):IdentityMappedToken    = '' (CHARACTER)
    (0x03000000:NameValue):IdentityMappedPassword = '' (CHARACTER)
    (0x03000000:NameValue):IdentityMappedIssuedBy = '' (CHARACTER)
  )
  (0x01000000:Name  ):MQMD       = ( ['MQHMD' : 0x7fc0ac089cf0]
    (0x03000000:NameValue):SourceQueue      = 'QL.OPE.REQ.01' (CHARACTER)
    (0x03000000:NameValue):Transactional    = TRUE (BOOLEAN)
    (0x03000000:NameValue):Encoding         = 546 (INTEGER)
    (0x03000000:NameValue):CodedCharSetId   = 1208 (INTEGER)
    (0x03000000:NameValue):Format           = 'MQSTR   ' (CHARACTER)
    (0x03000000:NameValue):Version          = 2 (INTEGER)
    (0x03000000:NameValue):Report           = 0 (INTEGER)
    (0x03000000:NameValue):MsgType          = 8 (INTEGER)
    (0x03000000:NameValue):Expiry           = -1 (INTEGER)
    (0x03000000:NameValue):Feedback         = 0 (INTEGER)
    (0x03000000:NameValue):Priority         = 0 (INTEGER)
    (0x03000000:NameValue):Persistence      = 0 (INTEGER)
    (0x03000000:NameValue):MsgId            = X'414d5120514d475231202020202020204d6d1f5e02db8720' (BLOB)
    (0x03000000:NameValue):CorrelId         = X'000000000000000000000000000000000000000000000000' (BLOB)
    (0x03000000:NameValue):BackoutCount     = 0 (INTEGER)
    (0x03000000:NameValue):ReplyToQ         = '                                                ' (CHARACTER)
    (0x03000000:NameValue):ReplyToQMgr      = 'QMGR1                                           ' (CHARACTER)
    (0x03000000:NameValue):UserIdentifier   = 'sdyalor     ' (CHARACTER)
    (0x03000000:NameValue):AccountingToken  = X'0431303030000000000000000000000000000000000000000000000000000006' (BLOB)
    (0x03000000:NameValue):ApplIdentityData = '                                ' (CHARACTER)
    (0x03000000:NameValue):PutApplType      = 6 (INTEGER)
    (0x03000000:NameValue):PutApplName      = 'MQ Explorer 9.1.4           ' (CHARACTER)
    (0x03000000:NameValue):PutDate          = DATE '2020-01-15' (DATE)
    (0x03000000:NameValue):PutTime          = GMTTIME '23:24:28.840' (GMTTIME)
    (0x03000000:NameValue):ApplOriginData   = '    ' (CHARACTER)
    (0x03000000:NameValue):GroupId          = X'000000000000000000000000000000000000000000000000' (BLOB)
    (0x03000000:NameValue):MsgSeqNumber     = 1 (INTEGER)
    (0x03000000:NameValue):Offset           = 0 (INTEGER)
    (0x03000000:NameValue):MsgFlags         = 0 (INTEGER)
    (0x03000000:NameValue):OriginalLength   = -1 (INTEGER)
  )
  (0x01000000:Folder):XMLNSC     = ( ['xmlnsc' : 0x7fc0ac08d4b0]
    (0x03000000:PCDataField):h1 = 'holi' (CHARACTER)
  )
)
EXC : ( ['MQROOT' : 0x7fc0ac069e80]
  (0x01000000:Name):RecoverableException = (
    (0x03000000:NameValue):File             = '/jenkins/slot0/product-build/WMB/src/DataFlowEngine/TemplateNodes/ImbOutputTemplateNode.cpp' (CHARACTER)
    (0x03000000:NameValue):Line             = 260 (INTEGER)
    (0x03000000:NameValue):Function         = 'ImbOutputTemplateNode::processMessageAssemblyToFailure' (CHARACTER)
    (0x03000000:NameValue):Type             = 'ComIbmMQOutputNode' (CHARACTER)
    (0x03000000:NameValue):Name             = 'app.operations.valid.myoperations#FCMComposite_1_2' (CHARACTER)
    (0x03000000:NameValue):Label            = 'app.operations.valid.myoperations.MQ Output' (CHARACTER)
    (0x03000000:NameValue):Catalog          = 'BIPmsgs' (CHARACTER)
    (0x03000000:NameValue):Severity         = 3 (INTEGER)
    (0x03000000:NameValue):Number           = 2230 (INTEGER)
    (0x03000000:NameValue):Text             = 'Caught exception and rethrowing' (CHARACTER)
    (0x01000000:Name     ):Insert           = (
      (0x03000000:NameValue):Type = 14 (INTEGER)
      (0x03000000:NameValue):Text = 'app.operations.valid.myoperations.MQ Output' (CHARACTER)
    )
    (0x01000000:Name     ):MessageException = (
      (0x03000000:NameValue):File     = '/jenkins/slot0/product-build/WMB/src/DataFlowEngine/Connectors/lib/ImbOutputNode.cpp' (CHARACTER)
      (0x03000000:NameValue):Line     = 417 (INTEGER)
      (0x03000000:NameValue):Function = 'ImbOutputNode::sendData' (CHARACTER)
      (0x03000000:NameValue):Type     = 'ComIbmMQOutputNode' (CHARACTER)
      (0x03000000:NameValue):Name     = 'app.operations.valid.myoperations#FCMComposite_1_2' (CHARACTER)
      (0x03000000:NameValue):Label    = 'app.operations.valid.myoperations.MQ Output' (CHARACTER)
      (0x03000000:NameValue):Catalog  = 'BIPmsgs' (CHARACTER)
      (0x03000000:NameValue):Severity = 3 (INTEGER)
      (0x03000000:NameValue):Number   = 2665 (INTEGER)
      (0x03000000:NameValue):Text     = 'Invalid destination list' (CHARACTER)
      (0x01000000:Name     ):Insert   = (
        (0x03000000:NameValue):Type = 2 (INTEGER)
        (0x03000000:NameValue):Text = '-1' (CHARACTER)
      )
      (0x01000000:Name     ):Insert   = (
        (0x03000000:NameValue):Type = 5 (INTEGER)
        (0x03000000:NameValue):Text = 'MQW005' (CHARACTER)
      )
      (0x01000000:Name     ):Insert   = (
        (0x03000000:NameValue):Type = 2 (INTEGER)
        (0x03000000:NameValue):Text = '0' (CHARACTER)
      )
      (0x01000000:Name     ):Insert   = (
        (0x03000000:NameValue):Type = 5 (INTEGER)
        (0x03000000:NameValue):Text = '' (CHARACTER)
      )
      (0x01000000:Name     ):Insert   = (
        (0x03000000:NameValue):Type = 14 (INTEGER)
        (0x03000000:NameValue):Text = 'app.operations.valid.myoperations.MQ Output' (CHARACTER)
      )
    )
  )
)
----------------------------------------------------------MENSAJE ENTRADAxd
VER ROOT: ( ['MQROOT' : 0x7fc07c4a6b10]
  (0x01000000:Name  ):Properties = ( ['MQPROPERTYPARSER' : 0x7fc07c4edf40]
    (0x03000000:NameValue):MessageSet             = '' (CHARACTER)
    (0x03000000:NameValue):MessageType            = '' (CHARACTER)
    (0x03000000:NameValue):MessageFormat          = '' (CHARACTER)
    (0x03000000:NameValue):Encoding               = 546 (INTEGER)
    (0x03000000:NameValue):CodedCharSetId         = 1208 (INTEGER)
    (0x03000000:NameValue):Transactional          = TRUE (BOOLEAN)
    (0x03000000:NameValue):Persistence            = FALSE (BOOLEAN)
    (0x03000000:NameValue):CreationTime           = GMTTIMESTAMP '2020-01-15 23:27:40.890' (GMTTIMESTAMP)
    (0x03000000:NameValue):ExpirationTime         = -1 (INTEGER)
    (0x03000000:NameValue):Priority               = 0 (INTEGER)
    (0x03000000:NameValue):ReplyIdentifier        = X'000000000000000000000000000000000000000000000000' (BLOB)
    (0x03000000:NameValue):ReplyProtocol          = 'MQ' (CHARACTER)
    (0x03000000:NameValue):Topic                  = NULL
    (0x03000000:NameValue):ContentType            = '' (CHARACTER)
    (0x03000000:NameValue):IdentitySourceType     = '' (CHARACTER)
    (0x03000000:NameValue):IdentitySourceToken    = '' (CHARACTER)
    (0x03000000:NameValue):IdentitySourcePassword = '' (CHARACTER)
    (0x03000000:NameValue):IdentitySourceIssuedBy = '' (CHARACTER)
    (0x03000000:NameValue):IdentityMappedType     = '' (CHARACTER)
    (0x03000000:NameValue):IdentityMappedToken    = '' (CHARACTER)
    (0x03000000:NameValue):IdentityMappedPassword = '' (CHARACTER)
    (0x03000000:NameValue):IdentityMappedIssuedBy = '' (CHARACTER)
  )
  (0x01000000:Name  ):MQMD       = ( ['MQHMD' : 0x7fc08df93260]
    (0x03000000:NameValue):SourceQueue      = 'QL.OPE.REQ.01' (CHARACTER)
    (0x03000000:NameValue):Transactional    = TRUE (BOOLEAN)
    (0x03000000:NameValue):Encoding         = 546 (INTEGER)
    (0x03000000:NameValue):CodedCharSetId   = 1208 (INTEGER)
    (0x03000000:NameValue):Format           = 'MQSTR   ' (CHARACTER)
    (0x03000000:NameValue):Version          = 2 (INTEGER)
    (0x03000000:NameValue):Report           = 0 (INTEGER)
    (0x03000000:NameValue):MsgType          = 8 (INTEGER)
    (0x03000000:NameValue):Expiry           = -1 (INTEGER)
    (0x03000000:NameValue):Feedback         = 0 (INTEGER)
    (0x03000000:NameValue):Priority         = 0 (INTEGER)
    (0x03000000:NameValue):Persistence      = 0 (INTEGER)
    (0x03000000:NameValue):MsgId            = X'414d5120514d475231202020202020204d6d1f5e02e88720' (BLOB)
    (0x03000000:NameValue):CorrelId         = X'000000000000000000000000000000000000000000000000' (BLOB)
    (0x03000000:NameValue):BackoutCount     = 0 (INTEGER)
    (0x03000000:NameValue):ReplyToQ         = '                                                ' (CHARACTER)
    (0x03000000:NameValue):ReplyToQMgr      = 'QMGR1                                           ' (CHARACTER)
    (0x03000000:NameValue):UserIdentifier   = 'sdyalor     ' (CHARACTER)
    (0x03000000:NameValue):AccountingToken  = X'0431303030000000000000000000000000000000000000000000000000000006' (BLOB)
    (0x03000000:NameValue):ApplIdentityData = '                                ' (CHARACTER)
    (0x03000000:NameValue):PutApplType      = 6 (INTEGER)
    (0x03000000:NameValue):PutApplName      = 'MQ Explorer 9.1.4           ' (CHARACTER)
    (0x03000000:NameValue):PutDate          = DATE '2020-01-15' (DATE)
    (0x03000000:NameValue):PutTime          = GMTTIME '23:27:40.890' (GMTTIME)
    (0x03000000:NameValue):ApplOriginData   = '    ' (CHARACTER)
    (0x03000000:NameValue):GroupId          = X'000000000000000000000000000000000000000000000000' (BLOB)
    (0x03000000:NameValue):MsgSeqNumber     = 1 (INTEGER)
    (0x03000000:NameValue):Offset           = 0 (INTEGER)
    (0x03000000:NameValue):MsgFlags         = 0 (INTEGER)
    (0x03000000:NameValue):OriginalLength   = -1 (INTEGER)
  )
  (0x01000000:Folder):XMLNSC     = ( ['xmlnsc' : 0x7fc08df8ff10]
    (0x03000000:PCDataField):holi = 'helow its me' (CHARACTER)
  )
)
EXC : ( ['MQROOT' : 0x7fc007a4d410]
  (0x01000000:Name):RecoverableException = (
    (0x03000000:NameValue):File             = '/jenkins/slot0/product-build/WMB/src/DataFlowEngine/TemplateNodes/ImbOutputTemplateNode.cpp' (CHARACTER)
    (0x03000000:NameValue):Line             = 260 (INTEGER)
    (0x03000000:NameValue):Function         = 'ImbOutputTemplateNode::processMessageAssemblyToFailure' (CHARACTER)
    (0x03000000:NameValue):Type             = 'ComIbmMQOutputNode' (CHARACTER)
    (0x03000000:NameValue):Name             = 'app.operations.valid.myoperations#FCMComposite_1_2' (CHARACTER)
    (0x03000000:NameValue):Label            = 'app.operations.valid.myoperations.MQ Output' (CHARACTER)
    (0x03000000:NameValue):Catalog          = 'BIPmsgs' (CHARACTER)
    (0x03000000:NameValue):Severity         = 3 (INTEGER)
    (0x03000000:NameValue):Number           = 2230 (INTEGER)
    (0x03000000:NameValue):Text             = 'Caught exception and rethrowing' (CHARACTER)
    (0x01000000:Name     ):Insert           = (
      (0x03000000:NameValue):Type = 14 (INTEGER)
      (0x03000000:NameValue):Text = 'app.operations.valid.myoperations.MQ Output' (CHARACTER)
    )
    (0x01000000:Name     ):MessageException = (
      (0x03000000:NameValue):File     = '/jenkins/slot0/product-build/WMB/src/DataFlowEngine/Connectors/lib/ImbOutputNode.cpp' (CHARACTER)
      (0x03000000:NameValue):Line     = 417 (INTEGER)
      (0x03000000:NameValue):Function = 'ImbOutputNode::sendData' (CHARACTER)
      (0x03000000:NameValue):Type     = 'ComIbmMQOutputNode' (CHARACTER)
      (0x03000000:NameValue):Name     = 'app.operations.valid.myoperations#FCMComposite_1_2' (CHARACTER)
      (0x03000000:NameValue):Label    = 'app.operations.valid.myoperations.MQ Output' (CHARACTER)
      (0x03000000:NameValue):Catalog  = 'BIPmsgs' (CHARACTER)
      (0x03000000:NameValue):Severity = 3 (INTEGER)
      (0x03000000:NameValue):Number   = 2665 (INTEGER)
      (0x03000000:NameValue):Text     = 'Invalid destination list' (CHARACTER)
      (0x01000000:Name     ):Insert   = (
        (0x03000000:NameValue):Type = 2 (INTEGER)
        (0x03000000:NameValue):Text = '-1' (CHARACTER)
      )
      (0x01000000:Name     ):Insert   = (
        (0x03000000:NameValue):Type = 5 (INTEGER)
        (0x03000000:NameValue):Text = 'MQW005' (CHARACTER)
      )
      (0x01000000:Name     ):Insert   = (
        (0x03000000:NameValue):Type = 2 (INTEGER)
        (0x03000000:NameValue):Text = '0' (CHARACTER)
      )
      (0x01000000:Name     ):Insert   = (
        (0x03000000:NameValue):Type = 5 (INTEGER)
        (0x03000000:NameValue):Text = '' (CHARACTER)
      )
      (0x01000000:Name     ):Insert   = (
        (0x03000000:NameValue):Type = 14 (INTEGER)
        (0x03000000:NameValue):Text = 'app.operations.valid.myoperations.MQ Output' (CHARACTER)
      )
    )
  )
)
