----------------------------------------MENSAJE SALIDA
VER ROOT: ( ['MQROOT' : 0x7fc07006dbf0]
  (0x01000000:Name  ):Properties = ( ['MQPROPERTYPARSER' : 0x7fc07010e170]
    (0x03000000:NameValue):MessageSet             = '' (CHARACTER)
    (0x03000000:NameValue):MessageType            = '' (CHARACTER)
    (0x03000000:NameValue):MessageFormat          = '' (CHARACTER)
    (0x03000000:NameValue):Encoding               = 546 (INTEGER)
    (0x03000000:NameValue):CodedCharSetId         = 1208 (INTEGER)
    (0x03000000:NameValue):Transactional          = TRUE (BOOLEAN)
    (0x03000000:NameValue):Persistence            = FALSE (BOOLEAN)
    (0x03000000:NameValue):CreationTime           = GMTTIMESTAMP '2020-01-15 21:42:30.180' (GMTTIMESTAMP)
    (0x03000000:NameValue):ExpirationTime         = -1 (INTEGER)
    (0x03000000:NameValue):Priority               = 0 (INTEGER)
    (0x03000000:NameValue):ReplyIdentifier        = X'000000000000000000000000000000000000000000000000' (BLOB)
    (0x03000000:NameValue):ReplyProtocol          = 'MQ' (CHARACTER)
    (0x03000000:NameValue):Topic                  = NULL
    (0x03000000:NameValue):ContentType            = '' (CHARACTER)
    (0x03000000:NameValue):IdentitySourceType     = '' (CHARACTER)
    (0x03000000:NameValue):IdentitySourceToken    = '' (CHARACTER)
    (0x03000000:NameValue):IdentitySourcePassword = '' (CHARACTER)
    (0x03000000:NameValue):IdentitySourceIssuedBy = '' (CHARACTER)
    (0x03000000:NameValue):IdentityMappedType     = '' (CHARACTER)
    (0x03000000:NameValue):IdentityMappedToken    = '' (CHARACTER)
    (0x03000000:NameValue):IdentityMappedPassword = '' (CHARACTER)
    (0x03000000:NameValue):IdentityMappedIssuedBy = '' (CHARACTER)
  )
  (0x01000000:Name  ):MQMD       = ( ['MQHMD' : 0x7fc070083160]
    (0x03000000:NameValue):SourceQueue      = 'QL.OPE.REQ.01' (CHARACTER)
    (0x03000000:NameValue):Transactional    = TRUE (BOOLEAN)
    (0x03000000:NameValue):Encoding         = 546 (INTEGER)
    (0x03000000:NameValue):CodedCharSetId   = 1208 (INTEGER)
    (0x03000000:NameValue):Format           = 'MQSTR   ' (CHARACTER)
    (0x03000000:NameValue):Version          = 2 (INTEGER)
    (0x03000000:NameValue):Report           = 0 (INTEGER)
    (0x03000000:NameValue):MsgType          = 8 (INTEGER)
    (0x03000000:NameValue):Expiry           = -1 (INTEGER)
    (0x03000000:NameValue):Feedback         = 0 (INTEGER)
    (0x03000000:NameValue):Priority         = 0 (INTEGER)
    (0x03000000:NameValue):Persistence      = 0 (INTEGER)
    (0x03000000:NameValue):MsgId            = X'414d5120514d475231202020202020204d6d1f5e02858620' (BLOB)
    (0x03000000:NameValue):CorrelId         = X'000000000000000000000000000000000000000000000000' (BLOB)
    (0x03000000:NameValue):BackoutCount     = 0 (INTEGER)
    (0x03000000:NameValue):ReplyToQ         = '                                                ' (CHARACTER)
    (0x03000000:NameValue):ReplyToQMgr      = 'QMGR1                                           ' (CHARACTER)
    (0x03000000:NameValue):UserIdentifier   = 'sdyalor     ' (CHARACTER)
    (0x03000000:NameValue):AccountingToken  = X'0431303030000000000000000000000000000000000000000000000000000006' (BLOB)
    (0x03000000:NameValue):ApplIdentityData = '                                ' (CHARACTER)
    (0x03000000:NameValue):PutApplType      = 6 (INTEGER)
    (0x03000000:NameValue):PutApplName      = 'MQ Explorer 9.1.4           ' (CHARACTER)
    (0x03000000:NameValue):PutDate          = DATE '2020-01-15' (DATE)
    (0x03000000:NameValue):PutTime          = GMTTIME '21:42:30.180' (GMTTIME)
    (0x03000000:NameValue):ApplOriginData   = '    ' (CHARACTER)
    (0x03000000:NameValue):GroupId          = X'000000000000000000000000000000000000000000000000' (BLOB)
    (0x03000000:NameValue):MsgSeqNumber     = 1 (INTEGER)
    (0x03000000:NameValue):Offset           = 0 (INTEGER)
    (0x03000000:NameValue):MsgFlags         = 0 (INTEGER)
    (0x03000000:NameValue):OriginalLength   = -1 (INTEGER)
  )
  (0x01000000:Folder):XMLNSC     = ( ['xmlnsc' : 0x7fc070098a50]
    (0x03000000:PCDataField):test = 'test' (CHARACTER)
  )
)

----------------------------------------MENSAJE SALIDA
VER ENVIRONMENT:

----------------------------------------MENSAJE SALIDA
VER EXCEPTIONLIST:
----------------------------------------MENSAJE SALIDA
VER ROOT: ( ['MQROOT' : 0x7fc07406a8e0]
  (0x01000000:Name):Properties = ( ['MQPROPERTYPARSER' : 0x7fc074097910]
    (0x03000000:NameValue):MessageSet             = NULL
    (0x03000000:NameValue):MessageType            = NULL
    (0x03000000:NameValue):MessageFormat          = NULL
    (0x03000000:NameValue):Encoding               = NULL
    (0x03000000:NameValue):CodedCharSetId         = NULL
    (0x03000000:NameValue):Transactional          = NULL
    (0x03000000:NameValue):Persistence            = NULL
    (0x03000000:NameValue):CreationTime           = NULL
    (0x03000000:NameValue):ExpirationTime         = NULL
    (0x03000000:NameValue):Priority               = NULL
    (0x03000000:NameValue):ReplyIdentifier        = NULL
    (0x03000000:NameValue):ReplyProtocol          = 'MQ' (CHARACTER)
    (0x03000000:NameValue):Topic                  = NULL
    (0x03000000:NameValue):ContentType            = NULL
    (0x03000000:NameValue):IdentitySourceType     = NULL
    (0x03000000:NameValue):IdentitySourceToken    = NULL
    (0x03000000:NameValue):IdentitySourcePassword = NULL
    (0x03000000:NameValue):IdentitySourceIssuedBy = NULL
    (0x03000000:NameValue):IdentityMappedType     = NULL
    (0x03000000:NameValue):IdentityMappedToken    = NULL
    (0x03000000:NameValue):IdentityMappedPassword = NULL
    (0x03000000:NameValue):IdentityMappedIssuedBy = NULL
  )
)

----------------------------------------MENSAJE SALIDA
VER ENVIRONMENT:

----------------------------------------MENSAJE SALIDA
VER EXCEPTIONLIST:
----------------------------------------MENSAJE SALIDA
VER ROOT: ( ['MQROOT' : 0x7fc07806a7a0]
  (0x01000000:Name  ):Properties = ( ['MQPROPERTYPARSER' : 0x7fc078133460]
    (0x03000000:NameValue):MessageSet             = '' (CHARACTER)
    (0x03000000:NameValue):MessageType            = '' (CHARACTER)
    (0x03000000:NameValue):MessageFormat          = '' (CHARACTER)
    (0x03000000:NameValue):Encoding               = 546 (INTEGER)
    (0x03000000:NameValue):CodedCharSetId         = 1208 (INTEGER)
    (0x03000000:NameValue):Transactional          = TRUE (BOOLEAN)
    (0x03000000:NameValue):Persistence            = FALSE (BOOLEAN)
    (0x03000000:NameValue):CreationTime           = GMTTIMESTAMP '2020-01-15 21:46:18.160' (GMTTIMESTAMP)
    (0x03000000:NameValue):ExpirationTime         = -1 (INTEGER)
    (0x03000000:NameValue):Priority               = 0 (INTEGER)
    (0x03000000:NameValue):ReplyIdentifier        = X'000000000000000000000000000000000000000000000000' (BLOB)
    (0x03000000:NameValue):ReplyProtocol          = 'MQ' (CHARACTER)
    (0x03000000:NameValue):Topic                  = NULL
    (0x03000000:NameValue):ContentType            = '' (CHARACTER)
    (0x03000000:NameValue):IdentitySourceType     = '' (CHARACTER)
    (0x03000000:NameValue):IdentitySourceToken    = '' (CHARACTER)
    (0x03000000:NameValue):IdentitySourcePassword = '' (CHARACTER)
    (0x03000000:NameValue):IdentitySourceIssuedBy = '' (CHARACTER)
    (0x03000000:NameValue):IdentityMappedType     = '' (CHARACTER)
    (0x03000000:NameValue):IdentityMappedToken    = '' (CHARACTER)
    (0x03000000:NameValue):IdentityMappedPassword = '' (CHARACTER)
    (0x03000000:NameValue):IdentityMappedIssuedBy = '' (CHARACTER)
  )
  (0x01000000:Name  ):MQMD       = ( ['MQHMD' : 0x7fc0780a94e0]
    (0x03000000:NameValue):SourceQueue      = 'QL.OPE.REQ.01' (CHARACTER)
    (0x03000000:NameValue):Transactional    = TRUE (BOOLEAN)
    (0x03000000:NameValue):Encoding         = 546 (INTEGER)
    (0x03000000:NameValue):CodedCharSetId   = 1208 (INTEGER)
    (0x03000000:NameValue):Format           = 'MQSTR   ' (CHARACTER)
    (0x03000000:NameValue):Version          = 2 (INTEGER)
    (0x03000000:NameValue):Report           = 0 (INTEGER)
    (0x03000000:NameValue):MsgType          = 8 (INTEGER)
    (0x03000000:NameValue):Expiry           = -1 (INTEGER)
    (0x03000000:NameValue):Feedback         = 0 (INTEGER)
    (0x03000000:NameValue):Priority         = 0 (INTEGER)
    (0x03000000:NameValue):Persistence      = 0 (INTEGER)
    (0x03000000:NameValue):MsgId            = X'414d5120514d475231202020202020204d6d1f5e02938620' (BLOB)
    (0x03000000:NameValue):CorrelId         = X'000000000000000000000000000000000000000000000000' (BLOB)
    (0x03000000:NameValue):BackoutCount     = 0 (INTEGER)
    (0x03000000:NameValue):ReplyToQ         = '                                                ' (CHARACTER)
    (0x03000000:NameValue):ReplyToQMgr      = 'QMGR1                                           ' (CHARACTER)
    (0x03000000:NameValue):UserIdentifier   = 'sdyalor     ' (CHARACTER)
    (0x03000000:NameValue):AccountingToken  = X'0431303030000000000000000000000000000000000000000000000000000006' (BLOB)
    (0x03000000:NameValue):ApplIdentityData = '                                ' (CHARACTER)
    (0x03000000:NameValue):PutApplType      = 6 (INTEGER)
    (0x03000000:NameValue):PutApplName      = 'MQ Explorer 9.1.4           ' (CHARACTER)
    (0x03000000:NameValue):PutDate          = DATE '2020-01-15' (DATE)
    (0x03000000:NameValue):PutTime          = GMTTIME '21:46:18.160' (GMTTIME)
    (0x03000000:NameValue):ApplOriginData   = '    ' (CHARACTER)
    (0x03000000:NameValue):GroupId          = X'000000000000000000000000000000000000000000000000' (BLOB)
    (0x03000000:NameValue):MsgSeqNumber     = 1 (INTEGER)
    (0x03000000:NameValue):Offset           = 0 (INTEGER)
    (0x03000000:NameValue):MsgFlags         = 0 (INTEGER)
    (0x03000000:NameValue):OriginalLength   = -1 (INTEGER)
  )
  (0x01000000:Folder):XMLNSC     = ( ['xmlnsc' : 0x7fc0780bddd0]
    (0x03000000:PCDataField):hellow = 'its me' (CHARACTER)
  )
)

----------------------------------------MENSAJE SALIDA
VER ENVIRONMENT:

----------------------------------------MENSAJE SALIDA
VER EXCEPTIONLIST:
----------------------------------------MENSAJE SALIDA
VER ROOT: ( ['MQROOT' : 0x7fc07806a7a0]
  (0x01000000:Name  ):Properties = ( ['MQPROPERTYPARSER' : 0x7fc078133460]
    (0x03000000:NameValue):MessageSet             = '' (CHARACTER)
    (0x03000000:NameValue):MessageType            = '' (CHARACTER)
    (0x03000000:NameValue):MessageFormat          = '' (CHARACTER)
    (0x03000000:NameValue):Encoding               = 546 (INTEGER)
    (0x03000000:NameValue):CodedCharSetId         = 1208 (INTEGER)
    (0x03000000:NameValue):Transactional          = TRUE (BOOLEAN)
    (0x03000000:NameValue):Persistence            = FALSE (BOOLEAN)
    (0x03000000:NameValue):CreationTime           = GMTTIMESTAMP '2020-01-15 21:50:37.270' (GMTTIMESTAMP)
    (0x03000000:NameValue):ExpirationTime         = -1 (INTEGER)
    (0x03000000:NameValue):Priority               = 0 (INTEGER)
    (0x03000000:NameValue):ReplyIdentifier        = X'000000000000000000000000000000000000000000000000' (BLOB)
    (0x03000000:NameValue):ReplyProtocol          = 'MQ' (CHARACTER)
    (0x03000000:NameValue):Topic                  = NULL
    (0x03000000:NameValue):ContentType            = '' (CHARACTER)
    (0x03000000:NameValue):IdentitySourceType     = '' (CHARACTER)
    (0x03000000:NameValue):IdentitySourceToken    = '' (CHARACTER)
    (0x03000000:NameValue):IdentitySourcePassword = '' (CHARACTER)
    (0x03000000:NameValue):IdentitySourceIssuedBy = '' (CHARACTER)
    (0x03000000:NameValue):IdentityMappedType     = '' (CHARACTER)
    (0x03000000:NameValue):IdentityMappedToken    = '' (CHARACTER)
    (0x03000000:NameValue):IdentityMappedPassword = '' (CHARACTER)
    (0x03000000:NameValue):IdentityMappedIssuedBy = '' (CHARACTER)
  )
  (0x01000000:Name  ):MQMD       = ( ['MQHMD' : 0x7fc0780a94e0]
    (0x03000000:NameValue):SourceQueue      = 'QL.OPE.REQ.01' (CHARACTER)
    (0x03000000:NameValue):Transactional    = TRUE (BOOLEAN)
    (0x03000000:NameValue):Encoding         = 546 (INTEGER)
    (0x03000000:NameValue):CodedCharSetId   = 1208 (INTEGER)
    (0x03000000:NameValue):Format           = 'MQSTR   ' (CHARACTER)
    (0x03000000:NameValue):Version          = 2 (INTEGER)
    (0x03000000:NameValue):Report           = 0 (INTEGER)
    (0x03000000:NameValue):MsgType          = 8 (INTEGER)
    (0x03000000:NameValue):Expiry           = -1 (INTEGER)
    (0x03000000:NameValue):Feedback         = 0 (INTEGER)
    (0x03000000:NameValue):Priority         = 0 (INTEGER)
    (0x03000000:NameValue):Persistence      = 0 (INTEGER)
    (0x03000000:NameValue):MsgId            = X'414d5120514d475231202020202020204d6d1f5e06a18620' (BLOB)
    (0x03000000:NameValue):CorrelId         = X'000000000000000000000000000000000000000000000000' (BLOB)
    (0x03000000:NameValue):BackoutCount     = 0 (INTEGER)
    (0x03000000:NameValue):ReplyToQ         = '                                                ' (CHARACTER)
    (0x03000000:NameValue):ReplyToQMgr      = 'QMGR1                                           ' (CHARACTER)
    (0x03000000:NameValue):UserIdentifier   = 'sdyalor     ' (CHARACTER)
    (0x03000000:NameValue):AccountingToken  = X'0431303030000000000000000000000000000000000000000000000000000006' (BLOB)
    (0x03000000:NameValue):ApplIdentityData = '                                ' (CHARACTER)
    (0x03000000:NameValue):PutApplType      = 6 (INTEGER)
    (0x03000000:NameValue):PutApplName      = 'MQ Explorer 9.1.4           ' (CHARACTER)
    (0x03000000:NameValue):PutDate          = DATE '2020-01-15' (DATE)
    (0x03000000:NameValue):PutTime          = GMTTIME '21:50:37.270' (GMTTIME)
    (0x03000000:NameValue):ApplOriginData   = '    ' (CHARACTER)
    (0x03000000:NameValue):GroupId          = X'000000000000000000000000000000000000000000000000' (BLOB)
    (0x03000000:NameValue):MsgSeqNumber     = 1 (INTEGER)
    (0x03000000:NameValue):Offset           = 0 (INTEGER)
    (0x03000000:NameValue):MsgFlags         = 0 (INTEGER)
    (0x03000000:NameValue):OriginalLength   = -1 (INTEGER)
  )
  (0x01000000:Folder):XMLNSC     = ( ['xmlnsc' : 0x7fc0780bddd0]
    (0x03000000:PCDataField):h2 = 'operation' (CHARACTER)
  )
)

----------------------------------------MENSAJE SALIDA
VER ENVIRONMENT:

----------------------------------------MENSAJE SALIDA
VER EXCEPTIONLIST:
----------------------------------------MENSAJE SALIDA
VER ROOT: ( ['MQROOT' : 0x7fc07806a7a0]
  (0x01000000:Name  ):Properties = ( ['MQPROPERTYPARSER' : 0x7fc078133460]
    (0x03000000:NameValue):MessageSet             = '' (CHARACTER)
    (0x03000000:NameValue):MessageType            = '' (CHARACTER)
    (0x03000000:NameValue):MessageFormat          = '' (CHARACTER)
    (0x03000000:NameValue):Encoding               = 546 (INTEGER)
    (0x03000000:NameValue):CodedCharSetId         = 1208 (INTEGER)
    (0x03000000:NameValue):Transactional          = TRUE (BOOLEAN)
    (0x03000000:NameValue):Persistence            = FALSE (BOOLEAN)
    (0x03000000:NameValue):CreationTime           = GMTTIMESTAMP '2020-01-15 21:50:53.590' (GMTTIMESTAMP)
    (0x03000000:NameValue):ExpirationTime         = -1 (INTEGER)
    (0x03000000:NameValue):Priority               = 0 (INTEGER)
    (0x03000000:NameValue):ReplyIdentifier        = X'000000000000000000000000000000000000000000000000' (BLOB)
    (0x03000000:NameValue):ReplyProtocol          = 'MQ' (CHARACTER)
    (0x03000000:NameValue):Topic                  = NULL
    (0x03000000:NameValue):ContentType            = '' (CHARACTER)
    (0x03000000:NameValue):IdentitySourceType     = '' (CHARACTER)
    (0x03000000:NameValue):IdentitySourceToken    = '' (CHARACTER)
    (0x03000000:NameValue):IdentitySourcePassword = '' (CHARACTER)
    (0x03000000:NameValue):IdentitySourceIssuedBy = '' (CHARACTER)
    (0x03000000:NameValue):IdentityMappedType     = '' (CHARACTER)
    (0x03000000:NameValue):IdentityMappedToken    = '' (CHARACTER)
    (0x03000000:NameValue):IdentityMappedPassword = '' (CHARACTER)
    (0x03000000:NameValue):IdentityMappedIssuedBy = '' (CHARACTER)
  )
  (0x01000000:Name  ):MQMD       = ( ['MQHMD' : 0x7fc0780a94e0]
    (0x03000000:NameValue):SourceQueue      = 'QL.OPE.REQ.01' (CHARACTER)
    (0x03000000:NameValue):Transactional    = TRUE (BOOLEAN)
    (0x03000000:NameValue):Encoding         = 546 (INTEGER)
    (0x03000000:NameValue):CodedCharSetId   = 1208 (INTEGER)
    (0x03000000:NameValue):Format           = 'MQSTR   ' (CHARACTER)
    (0x03000000:NameValue):Version          = 2 (INTEGER)
    (0x03000000:NameValue):Report           = 0 (INTEGER)
    (0x03000000:NameValue):MsgType          = 8 (INTEGER)
    (0x03000000:NameValue):Expiry           = -1 (INTEGER)
    (0x03000000:NameValue):Feedback         = 0 (INTEGER)
    (0x03000000:NameValue):Priority         = 0 (INTEGER)
    (0x03000000:NameValue):Persistence      = 0 (INTEGER)
    (0x03000000:NameValue):MsgId            = X'414d5120514d475231202020202020204d6d1f5e08a18620' (BLOB)
    (0x03000000:NameValue):CorrelId         = X'000000000000000000000000000000000000000000000000' (BLOB)
    (0x03000000:NameValue):BackoutCount     = 0 (INTEGER)
    (0x03000000:NameValue):ReplyToQ         = '                                                ' (CHARACTER)
    (0x03000000:NameValue):ReplyToQMgr      = 'QMGR1                                           ' (CHARACTER)
    (0x03000000:NameValue):UserIdentifier   = 'sdyalor     ' (CHARACTER)
    (0x03000000:NameValue):AccountingToken  = X'0431303030000000000000000000000000000000000000000000000000000006' (BLOB)
    (0x03000000:NameValue):ApplIdentityData = '                                ' (CHARACTER)
    (0x03000000:NameValue):PutApplType      = 6 (INTEGER)
    (0x03000000:NameValue):PutApplName      = 'MQ Explorer 9.1.4           ' (CHARACTER)
    (0x03000000:NameValue):PutDate          = DATE '2020-01-15' (DATE)
    (0x03000000:NameValue):PutTime          = GMTTIME '21:50:53.590' (GMTTIME)
    (0x03000000:NameValue):ApplOriginData   = '    ' (CHARACTER)
    (0x03000000:NameValue):GroupId          = X'000000000000000000000000000000000000000000000000' (BLOB)
    (0x03000000:NameValue):MsgSeqNumber     = 1 (INTEGER)
    (0x03000000:NameValue):Offset           = 0 (INTEGER)
    (0x03000000:NameValue):MsgFlags         = 0 (INTEGER)
    (0x03000000:NameValue):OriginalLength   = -1 (INTEGER)
  )
  (0x01000000:Folder):XMLNSC     = ( ['xmlnsc' : 0x7fc0780bddd0]
    (0x03000000:PCDataField):h2 = 'error' (CHARACTER)
  )
)

----------------------------------------MENSAJE SALIDA
VER ENVIRONMENT:

----------------------------------------MENSAJE SALIDA
VER EXCEPTIONLIST:
----------------------------------------MENSAJE SALIDA
VER ROOT: ( ['MQROOT' : 0x7fc07806a7a0]
  (0x01000000:Name  ):Properties = ( ['MQPROPERTYPARSER' : 0x7fc078133460]
    (0x03000000:NameValue):MessageSet             = '' (CHARACTER)
    (0x03000000:NameValue):MessageType            = '' (CHARACTER)
    (0x03000000:NameValue):MessageFormat          = '' (CHARACTER)
    (0x03000000:NameValue):Encoding               = 546 (INTEGER)
    (0x03000000:NameValue):CodedCharSetId         = 1208 (INTEGER)
    (0x03000000:NameValue):Transactional          = TRUE (BOOLEAN)
    (0x03000000:NameValue):Persistence            = FALSE (BOOLEAN)
    (0x03000000:NameValue):CreationTime           = GMTTIMESTAMP '2020-01-15 21:51:23.950' (GMTTIMESTAMP)
    (0x03000000:NameValue):ExpirationTime         = -1 (INTEGER)
    (0x03000000:NameValue):Priority               = 0 (INTEGER)
    (0x03000000:NameValue):ReplyIdentifier        = X'000000000000000000000000000000000000000000000000' (BLOB)
    (0x03000000:NameValue):ReplyProtocol          = 'MQ' (CHARACTER)
    (0x03000000:NameValue):Topic                  = NULL
    (0x03000000:NameValue):ContentType            = '' (CHARACTER)
    (0x03000000:NameValue):IdentitySourceType     = '' (CHARACTER)
    (0x03000000:NameValue):IdentitySourceToken    = '' (CHARACTER)
    (0x03000000:NameValue):IdentitySourcePassword = '' (CHARACTER)
    (0x03000000:NameValue):IdentitySourceIssuedBy = '' (CHARACTER)
    (0x03000000:NameValue):IdentityMappedType     = '' (CHARACTER)
    (0x03000000:NameValue):IdentityMappedToken    = '' (CHARACTER)
    (0x03000000:NameValue):IdentityMappedPassword = '' (CHARACTER)
    (0x03000000:NameValue):IdentityMappedIssuedBy = '' (CHARACTER)
  )
  (0x01000000:Name  ):MQMD       = ( ['MQHMD' : 0x7fc0780a94e0]
    (0x03000000:NameValue):SourceQueue      = 'QL.OPE.REQ.01' (CHARACTER)
    (0x03000000:NameValue):Transactional    = TRUE (BOOLEAN)
    (0x03000000:NameValue):Encoding         = 546 (INTEGER)
    (0x03000000:NameValue):CodedCharSetId   = 1208 (INTEGER)
    (0x03000000:NameValue):Format           = 'MQSTR   ' (CHARACTER)
    (0x03000000:NameValue):Version          = 2 (INTEGER)
    (0x03000000:NameValue):Report           = 0 (INTEGER)
    (0x03000000:NameValue):MsgType          = 8 (INTEGER)
    (0x03000000:NameValue):Expiry           = -1 (INTEGER)
    (0x03000000:NameValue):Feedback         = 0 (INTEGER)
    (0x03000000:NameValue):Priority         = 0 (INTEGER)
    (0x03000000:NameValue):Persistence      = 0 (INTEGER)
    (0x03000000:NameValue):MsgId            = X'414d5120514d475231202020202020204d6d1f5e02a68620' (BLOB)
    (0x03000000:NameValue):CorrelId         = X'000000000000000000000000000000000000000000000000' (BLOB)
    (0x03000000:NameValue):BackoutCount     = 0 (INTEGER)
    (0x03000000:NameValue):ReplyToQ         = '                                                ' (CHARACTER)
    (0x03000000:NameValue):ReplyToQMgr      = 'QMGR1                                           ' (CHARACTER)
    (0x03000000:NameValue):UserIdentifier   = 'sdyalor     ' (CHARACTER)
    (0x03000000:NameValue):AccountingToken  = X'0431303030000000000000000000000000000000000000000000000000000006' (BLOB)
    (0x03000000:NameValue):ApplIdentityData = '                                ' (CHARACTER)
    (0x03000000:NameValue):PutApplType      = 6 (INTEGER)
    (0x03000000:NameValue):PutApplName      = 'MQ Explorer 9.1.4           ' (CHARACTER)
    (0x03000000:NameValue):PutDate          = DATE '2020-01-15' (DATE)
    (0x03000000:NameValue):PutTime          = GMTTIME '21:51:23.950' (GMTTIME)
    (0x03000000:NameValue):ApplOriginData   = '    ' (CHARACTER)
    (0x03000000:NameValue):GroupId          = X'000000000000000000000000000000000000000000000000' (BLOB)
    (0x03000000:NameValue):MsgSeqNumber     = 1 (INTEGER)
    (0x03000000:NameValue):Offset           = 0 (INTEGER)
    (0x03000000:NameValue):MsgFlags         = 0 (INTEGER)
    (0x03000000:NameValue):OriginalLength   = -1 (INTEGER)
  )
  (0x01000000:Folder):XMLNSC     = ( ['xmlnsc' : 0x7fc0780bddd0]
    (0x01000000:Folder):XMLMSC = (
      (0x03000000:PCDataField):DATA = '1' (CHARACTER)
    )
  )
)

----------------------------------------MENSAJE SALIDA
VER ENVIRONMENT:

----------------------------------------MENSAJE SALIDA
VER EXCEPTIONLIST:
----------------------------------------MENSAJE SALIDA
VER ROOT: ( ['MQROOT' : 0x7fc0a095bfa0]
  (0x01000000:Name  ):Properties = ( ['MQPROPERTYPARSER' : 0x7fc0a0979ba0]
    (0x03000000:NameValue):MessageSet             = '' (CHARACTER)
    (0x03000000:NameValue):MessageType            = '' (CHARACTER)
    (0x03000000:NameValue):MessageFormat          = '' (CHARACTER)
    (0x03000000:NameValue):Encoding               = 546 (INTEGER)
    (0x03000000:NameValue):CodedCharSetId         = 1208 (INTEGER)
    (0x03000000:NameValue):Transactional          = TRUE (BOOLEAN)
    (0x03000000:NameValue):Persistence            = FALSE (BOOLEAN)
    (0x03000000:NameValue):CreationTime           = GMTTIMESTAMP '2020-01-15 23:21:13.030' (GMTTIMESTAMP)
    (0x03000000:NameValue):ExpirationTime         = -1 (INTEGER)
    (0x03000000:NameValue):Priority               = 0 (INTEGER)
    (0x03000000:NameValue):ReplyIdentifier        = X'000000000000000000000000000000000000000000000000' (BLOB)
    (0x03000000:NameValue):ReplyProtocol          = 'MQ' (CHARACTER)
    (0x03000000:NameValue):Topic                  = NULL
    (0x03000000:NameValue):ContentType            = '' (CHARACTER)
    (0x03000000:NameValue):IdentitySourceType     = '' (CHARACTER)
    (0x03000000:NameValue):IdentitySourceToken    = '' (CHARACTER)
    (0x03000000:NameValue):IdentitySourcePassword = '' (CHARACTER)
    (0x03000000:NameValue):IdentitySourceIssuedBy = '' (CHARACTER)
    (0x03000000:NameValue):IdentityMappedType     = '' (CHARACTER)
    (0x03000000:NameValue):IdentityMappedToken    = '' (CHARACTER)
    (0x03000000:NameValue):IdentityMappedPassword = '' (CHARACTER)
    (0x03000000:NameValue):IdentityMappedIssuedBy = '' (CHARACTER)
  )
  (0x01000000:Name  ):MQMD       = ( ['MQHMD' : 0x7fc0a097a580]
    (0x03000000:NameValue):SourceQueue      = 'QL.OPE.REQ.01' (CHARACTER)
    (0x03000000:NameValue):Transactional    = TRUE (BOOLEAN)
    (0x03000000:NameValue):Encoding         = 546 (INTEGER)
    (0x03000000:NameValue):CodedCharSetId   = 1208 (INTEGER)
    (0x03000000:NameValue):Format           = 'MQSTR   ' (CHARACTER)
    (0x03000000:NameValue):Version          = 2 (INTEGER)
    (0x03000000:NameValue):Report           = 0 (INTEGER)
    (0x03000000:NameValue):MsgType          = 8 (INTEGER)
    (0x03000000:NameValue):Expiry           = -1 (INTEGER)
    (0x03000000:NameValue):Feedback         = 0 (INTEGER)
    (0x03000000:NameValue):Priority         = 0 (INTEGER)
    (0x03000000:NameValue):Persistence      = 0 (INTEGER)
    (0x03000000:NameValue):MsgId            = X'414d5120514d475231202020202020204d6d1f5e02d18720' (BLOB)
    (0x03000000:NameValue):CorrelId         = X'000000000000000000000000000000000000000000000000' (BLOB)
    (0x03000000:NameValue):BackoutCount     = 0 (INTEGER)
    (0x03000000:NameValue):ReplyToQ         = '                                                ' (CHARACTER)
    (0x03000000:NameValue):ReplyToQMgr      = 'QMGR1                                           ' (CHARACTER)
    (0x03000000:NameValue):UserIdentifier   = 'sdyalor     ' (CHARACTER)
    (0x03000000:NameValue):AccountingToken  = X'0431303030000000000000000000000000000000000000000000000000000006' (BLOB)
    (0x03000000:NameValue):ApplIdentityData = '                                ' (CHARACTER)
    (0x03000000:NameValue):PutApplType      = 6 (INTEGER)
    (0x03000000:NameValue):PutApplName      = 'MQ Explorer 9.1.4           ' (CHARACTER)
    (0x03000000:NameValue):PutDate          = DATE '2020-01-15' (DATE)
    (0x03000000:NameValue):PutTime          = GMTTIME '23:21:13.030' (GMTTIME)
    (0x03000000:NameValue):ApplOriginData   = '    ' (CHARACTER)
    (0x03000000:NameValue):GroupId          = X'000000000000000000000000000000000000000000000000' (BLOB)
    (0x03000000:NameValue):MsgSeqNumber     = 1 (INTEGER)
    (0x03000000:NameValue):Offset           = 0 (INTEGER)
    (0x03000000:NameValue):MsgFlags         = 0 (INTEGER)
    (0x03000000:NameValue):OriginalLength   = -1 (INTEGER)
  )
  (0x01000000:Folder):XMLNSC     = ( ['xmlnsc' : 0x7fc0a026d8a0]
    (0x03000000:PCDataField):h = '1' (CHARACTER)
  )
  (0x01000000:Name  ):BLOB       = ( ['none' : 0x7fc0a0265220]
    (0x01000000:Name):BLOB = (
      (0x03000000:NameValue):data = '' (CHARACTER)
    )
  )
)

----------------------------------------MENSAJE SALIDA
VER ENVIRONMENT:

----------------------------------------MENSAJE SALIDA
VER EXCEPTIONLIST:
----------------------------------------MENSAJE SALIDA
VER ROOT: ( ['MQROOT' : 0x7fc0ac069e80]
  (0x01000000:Name  ):Properties = ( ['MQPROPERTYPARSER' : 0x7fc0ac10d3c0]
    (0x03000000:NameValue):MessageSet             = '' (CHARACTER)
    (0x03000000:NameValue):MessageType            = '' (CHARACTER)
    (0x03000000:NameValue):MessageFormat          = '' (CHARACTER)
    (0x03000000:NameValue):Encoding               = 546 (INTEGER)
    (0x03000000:NameValue):CodedCharSetId         = 1208 (INTEGER)
    (0x03000000:NameValue):Transactional          = TRUE (BOOLEAN)
    (0x03000000:NameValue):Persistence            = FALSE (BOOLEAN)
    (0x03000000:NameValue):CreationTime           = GMTTIMESTAMP '2020-01-15 23:24:28.840' (GMTTIMESTAMP)
    (0x03000000:NameValue):ExpirationTime         = -1 (INTEGER)
    (0x03000000:NameValue):Priority               = 0 (INTEGER)
    (0x03000000:NameValue):ReplyIdentifier        = X'000000000000000000000000000000000000000000000000' (BLOB)
    (0x03000000:NameValue):ReplyProtocol          = 'MQ' (CHARACTER)
    (0x03000000:NameValue):Topic                  = NULL
    (0x03000000:NameValue):ContentType            = '' (CHARACTER)
    (0x03000000:NameValue):IdentitySourceType     = '' (CHARACTER)
    (0x03000000:NameValue):IdentitySourceToken    = '' (CHARACTER)
    (0x03000000:NameValue):IdentitySourcePassword = '' (CHARACTER)
    (0x03000000:NameValue):IdentitySourceIssuedBy = '' (CHARACTER)
    (0x03000000:NameValue):IdentityMappedType     = '' (CHARACTER)
    (0x03000000:NameValue):IdentityMappedToken    = '' (CHARACTER)
    (0x03000000:NameValue):IdentityMappedPassword = '' (CHARACTER)
    (0x03000000:NameValue):IdentityMappedIssuedBy = '' (CHARACTER)
  )
  (0x01000000:Name  ):MQMD       = ( ['MQHMD' : 0x7fc0ac110de0]
    (0x03000000:NameValue):SourceQueue      = 'QL.OPE.REQ.01' (CHARACTER)
    (0x03000000:NameValue):Transactional    = TRUE (BOOLEAN)
    (0x03000000:NameValue):Encoding         = 546 (INTEGER)
    (0x03000000:NameValue):CodedCharSetId   = 1208 (INTEGER)
    (0x03000000:NameValue):Format           = 'MQSTR   ' (CHARACTER)
    (0x03000000:NameValue):Version          = 2 (INTEGER)
    (0x03000000:NameValue):Report           = 0 (INTEGER)
    (0x03000000:NameValue):MsgType          = 8 (INTEGER)
    (0x03000000:NameValue):Expiry           = -1 (INTEGER)
    (0x03000000:NameValue):Feedback         = 0 (INTEGER)
    (0x03000000:NameValue):Priority         = 0 (INTEGER)
    (0x03000000:NameValue):Persistence      = 0 (INTEGER)
    (0x03000000:NameValue):MsgId            = X'414d5120514d475231202020202020204d6d1f5e02db8720' (BLOB)
    (0x03000000:NameValue):CorrelId         = X'000000000000000000000000000000000000000000000000' (BLOB)
    (0x03000000:NameValue):BackoutCount     = 0 (INTEGER)
    (0x03000000:NameValue):ReplyToQ         = '                                                ' (CHARACTER)
    (0x03000000:NameValue):ReplyToQMgr      = 'QMGR1                                           ' (CHARACTER)
    (0x03000000:NameValue):UserIdentifier   = 'sdyalor     ' (CHARACTER)
    (0x03000000:NameValue):AccountingToken  = X'0431303030000000000000000000000000000000000000000000000000000006' (BLOB)
    (0x03000000:NameValue):ApplIdentityData = '                                ' (CHARACTER)
    (0x03000000:NameValue):PutApplType      = 6 (INTEGER)
    (0x03000000:NameValue):PutApplName      = 'MQ Explorer 9.1.4           ' (CHARACTER)
    (0x03000000:NameValue):PutDate          = DATE '2020-01-15' (DATE)
    (0x03000000:NameValue):PutTime          = GMTTIME '23:24:28.840' (GMTTIME)
    (0x03000000:NameValue):ApplOriginData   = '    ' (CHARACTER)
    (0x03000000:NameValue):GroupId          = X'000000000000000000000000000000000000000000000000' (BLOB)
    (0x03000000:NameValue):MsgSeqNumber     = 1 (INTEGER)
    (0x03000000:NameValue):Offset           = 0 (INTEGER)
    (0x03000000:NameValue):MsgFlags         = 0 (INTEGER)
    (0x03000000:NameValue):OriginalLength   = -1 (INTEGER)
  )
  (0x01000000:Folder):XMLNSC     = ( ['xmlnsc' : 0x7fc0ac094ce0]
    (0x03000000:PCDataField):h1 = 'holi' (CHARACTER)
  )
  (0x01000000:Object):JSON       = ( ['json' : 0x7fc0ac117750]
    (0x01000000:Object):Data = (
      (0x03000000:NameValue):Nombre = 'returnedstring' (CHARACTER)
    )
  )
)

----------------------------------------MENSAJE SALIDA
VER ENVIRONMENT:

----------------------------------------MENSAJE SALIDA
VER EXCEPTIONLIST:
----------------------------------------MENSAJE SALIDA
VER ROOT: ( ['MQROOT' : 0x7fc007a4d410]
  (0x01000000:Name  ):Properties = ( ['MQPROPERTYPARSER' : 0x7fc08c662c60]
    (0x03000000:NameValue):MessageSet             = '' (CHARACTER)
    (0x03000000:NameValue):MessageType            = '' (CHARACTER)
    (0x03000000:NameValue):MessageFormat          = '' (CHARACTER)
    (0x03000000:NameValue):Encoding               = 546 (INTEGER)
    (0x03000000:NameValue):CodedCharSetId         = 1208 (INTEGER)
    (0x03000000:NameValue):Transactional          = TRUE (BOOLEAN)
    (0x03000000:NameValue):Persistence            = FALSE (BOOLEAN)
    (0x03000000:NameValue):CreationTime           = GMTTIMESTAMP '2020-01-15 23:27:40.890' (GMTTIMESTAMP)
    (0x03000000:NameValue):ExpirationTime         = -1 (INTEGER)
    (0x03000000:NameValue):Priority               = 0 (INTEGER)
    (0x03000000:NameValue):ReplyIdentifier        = X'000000000000000000000000000000000000000000000000' (BLOB)
    (0x03000000:NameValue):ReplyProtocol          = 'MQ' (CHARACTER)
    (0x03000000:NameValue):Topic                  = NULL
    (0x03000000:NameValue):ContentType            = '' (CHARACTER)
    (0x03000000:NameValue):IdentitySourceType     = '' (CHARACTER)
    (0x03000000:NameValue):IdentitySourceToken    = '' (CHARACTER)
    (0x03000000:NameValue):IdentitySourcePassword = '' (CHARACTER)
    (0x03000000:NameValue):IdentitySourceIssuedBy = '' (CHARACTER)
    (0x03000000:NameValue):IdentityMappedType     = '' (CHARACTER)
    (0x03000000:NameValue):IdentityMappedToken    = '' (CHARACTER)
    (0x03000000:NameValue):IdentityMappedPassword = '' (CHARACTER)
    (0x03000000:NameValue):IdentityMappedIssuedBy = '' (CHARACTER)
  )
  (0x01000000:Name  ):MQMD       = ( ['MQHMD' : 0x7fc07c4ea880]
    (0x03000000:NameValue):SourceQueue      = 'QL.OPE.REQ.01' (CHARACTER)
    (0x03000000:NameValue):Transactional    = TRUE (BOOLEAN)
    (0x03000000:NameValue):Encoding         = 546 (INTEGER)
    (0x03000000:NameValue):CodedCharSetId   = 1208 (INTEGER)
    (0x03000000:NameValue):Format           = 'MQSTR   ' (CHARACTER)
    (0x03000000:NameValue):Version          = 2 (INTEGER)
    (0x03000000:NameValue):Report           = 0 (INTEGER)
    (0x03000000:NameValue):MsgType          = 8 (INTEGER)
    (0x03000000:NameValue):Expiry           = -1 (INTEGER)
    (0x03000000:NameValue):Feedback         = 0 (INTEGER)
    (0x03000000:NameValue):Priority         = 0 (INTEGER)
    (0x03000000:NameValue):Persistence      = 0 (INTEGER)
    (0x03000000:NameValue):MsgId            = X'414d5120514d475231202020202020204d6d1f5e02e88720' (BLOB)
    (0x03000000:NameValue):CorrelId         = X'000000000000000000000000000000000000000000000000' (BLOB)
    (0x03000000:NameValue):BackoutCount     = 0 (INTEGER)
    (0x03000000:NameValue):ReplyToQ         = '                                                ' (CHARACTER)
    (0x03000000:NameValue):ReplyToQMgr      = 'QMGR1                                           ' (CHARACTER)
    (0x03000000:NameValue):UserIdentifier   = 'sdyalor     ' (CHARACTER)
    (0x03000000:NameValue):AccountingToken  = X'0431303030000000000000000000000000000000000000000000000000000006' (BLOB)
    (0x03000000:NameValue):ApplIdentityData = '                                ' (CHARACTER)
    (0x03000000:NameValue):PutApplType      = 6 (INTEGER)
    (0x03000000:NameValue):PutApplName      = 'MQ Explorer 9.1.4           ' (CHARACTER)
    (0x03000000:NameValue):PutDate          = DATE '2020-01-15' (DATE)
    (0x03000000:NameValue):PutTime          = GMTTIME '23:27:40.890' (GMTTIME)
    (0x03000000:NameValue):ApplOriginData   = '    ' (CHARACTER)
    (0x03000000:NameValue):GroupId          = X'000000000000000000000000000000000000000000000000' (BLOB)
    (0x03000000:NameValue):MsgSeqNumber     = 1 (INTEGER)
    (0x03000000:NameValue):Offset           = 0 (INTEGER)
    (0x03000000:NameValue):MsgFlags         = 0 (INTEGER)
    (0x03000000:NameValue):OriginalLength   = -1 (INTEGER)
  )
  (0x01000000:Folder):XMLNSC     = ( ['xmlnsc' : 0x7fc001852780]
    (0x03000000:PCDataField):holi = 'helow its me' (CHARACTER)
  )
  (0x01000000:Object):JSON       = ( ['json' : 0x7fc08dedfce0]
    (0x01000000:Object):Data = (
      (0x03000000:NameValue):Nombre = 'retornado xd' (CHARACTER)
    )
  )
)

----------------------------------------MENSAJE SALIDA
VER ENVIRONMENT:

----------------------------------------MENSAJE SALIDA
VER EXCEPTIONLIST:
