MENSAJE ENTRADA
VER ROOT: ( ['WSRoot' : 0x7efdb8046920]
  (0x01000000:Name  ):Properties      = ( ['WSPROPERTYPARSER' : 0x7efdb8090800]
    (0x03000000:NameValue):MessageSet             = '' (CHARACTER)
    (0x03000000:NameValue):MessageType            = '' (CHARACTER)
    (0x03000000:NameValue):MessageFormat          = '' (CHARACTER)
    (0x03000000:NameValue):Encoding               = 546 (INTEGER)
    (0x03000000:NameValue):CodedCharSetId         = 1208 (INTEGER)
    (0x03000000:NameValue):Transactional          = FALSE (BOOLEAN)
    (0x03000000:NameValue):Persistence            = FALSE (BOOLEAN)
    (0x03000000:NameValue):CreationTime           = GMTTIMESTAMP '2020-01-16 16:36:18.992166' (GMTTIMESTAMP)
    (0x03000000:NameValue):ExpirationTime         = -1 (INTEGER)
    (0x03000000:NameValue):Priority               = 0 (INTEGER)
    (0x03000000:NameValue):ReplyIdentifier        = X'000000000000000000000000000000000000000000000000' (BLOB)
    (0x03000000:NameValue):ReplyProtocol          = 'SOAP-HTTP' (CHARACTER)
    (0x03000000:NameValue):Topic                  = NULL
    (0x03000000:NameValue):ContentType            = 'application/json' (CHARACTER)
    (0x03000000:NameValue):IdentitySourceType     = '' (CHARACTER)
    (0x03000000:NameValue):IdentitySourceToken    = '' (CHARACTER)
    (0x03000000:NameValue):IdentitySourcePassword = '' (CHARACTER)
    (0x03000000:NameValue):IdentitySourceIssuedBy = '' (CHARACTER)
    (0x03000000:NameValue):IdentityMappedType     = '' (CHARACTER)
    (0x03000000:NameValue):IdentityMappedToken    = '' (CHARACTER)
    (0x03000000:NameValue):IdentityMappedPassword = '' (CHARACTER)
    (0x03000000:NameValue):IdentityMappedIssuedBy = '' (CHARACTER)
  )
  (0x01000000:Name  ):HTTPInputHeader = ( ['WSINPHDR' : 0x7efdb801a9d0]
    (0x03000000:NameValue):Content-Type            = 'application/json' (CHARACTER)
    (0x03000000:NameValue):User-Agent              = 'PostmanRuntime/7.21.0' (CHARACTER)
    (0x03000000:NameValue):Accept                  = '*/*' (CHARACTER)
    (0x03000000:NameValue):Cache-Control           = 'no-cache' (CHARACTER)
    (0x03000000:NameValue):Postman-Token           = '17d8a239-d440-47d7-bad8-a687ba5b9e05' (CHARACTER)
    (0x03000000:NameValue):Host                    = 'localhost:7080' (CHARACTER)
    (0x03000000:NameValue):Accept-Encoding         = 'gzip, deflate' (CHARACTER)
    (0x03000000:NameValue):Content-Length          = '110' (CHARACTER)
    (0x03000000:NameValue):Connection              = 'keep-alive' (CHARACTER)
    (0x03000000:NameValue):X-Original-HTTP-Command = 'POST http://localhost:7080/crud/producto HTTP/1.1' (CHARACTER)
    (0x03000000:NameValue):X-Server-Name           = 'localhost' (CHARACTER)
    (0x03000000:NameValue):X-Server-Port           = '7080' (CHARACTER)
    (0x03000000:NameValue):X-Remote-Addr           = '127.0.0.1' (CHARACTER)
    (0x03000000:NameValue):X-Remote-Host           = 'localhost' (CHARACTER)
    (0x03000000:NameValue):X-Scheme                = 'http' (CHARACTER)
  )
  (0x01000000:Object):JSON            = ( ['json' : 0x7efdb8099350]
    (0x01000000:Object):Data = (
      (0x03000000:NameValue):operacion    = 'get' (CHARACTER)
      (0x03000000:NameValue):cod_producto = '222' (CHARACTER)
      (0x03000000:NameValue):nom_producto = 'pan' (CHARACTER)
      (0x03000000:NameValue):cantidad     = '2' (CHARACTER)
      (0x03000000:NameValue):precio_unit  = '2' (CHARACTER)
    )
  )
)
VER ROOT: ( ['MQROOT' : 0x7efdb8043390]
  (0x01000000:Name):Destination = (
    (0x01000000:Name):HTTP = (
      (0x03000000:NameValue):RequestIdentifier = X'414d5120514d47523120202020202020fa72205e220ba721' (BLOB)
    )
  )
)

MENSAJE ENTRADA
VER ROOT: ( ['WSRoot' : 0x7efdc4076240]
  (0x01000000:Name  ):Properties      = ( ['WSPROPERTYPARSER' : 0x7efdc40989c0]
    (0x03000000:NameValue):MessageSet             = '' (CHARACTER)
    (0x03000000:NameValue):MessageType            = '' (CHARACTER)
    (0x03000000:NameValue):MessageFormat          = '' (CHARACTER)
    (0x03000000:NameValue):Encoding               = 546 (INTEGER)
    (0x03000000:NameValue):CodedCharSetId         = 1208 (INTEGER)
    (0x03000000:NameValue):Transactional          = FALSE (BOOLEAN)
    (0x03000000:NameValue):Persistence            = FALSE (BOOLEAN)
    (0x03000000:NameValue):CreationTime           = GMTTIMESTAMP '2020-01-16 16:39:06.641579' (GMTTIMESTAMP)
    (0x03000000:NameValue):ExpirationTime         = -1 (INTEGER)
    (0x03000000:NameValue):Priority               = 0 (INTEGER)
    (0x03000000:NameValue):ReplyIdentifier        = X'000000000000000000000000000000000000000000000000' (BLOB)
    (0x03000000:NameValue):ReplyProtocol          = 'SOAP-HTTP' (CHARACTER)
    (0x03000000:NameValue):Topic                  = NULL
    (0x03000000:NameValue):ContentType            = 'application/json' (CHARACTER)
    (0x03000000:NameValue):IdentitySourceType     = '' (CHARACTER)
    (0x03000000:NameValue):IdentitySourceToken    = '' (CHARACTER)
    (0x03000000:NameValue):IdentitySourcePassword = '' (CHARACTER)
    (0x03000000:NameValue):IdentitySourceIssuedBy = '' (CHARACTER)
    (0x03000000:NameValue):IdentityMappedType     = '' (CHARACTER)
    (0x03000000:NameValue):IdentityMappedToken    = '' (CHARACTER)
    (0x03000000:NameValue):IdentityMappedPassword = '' (CHARACTER)
    (0x03000000:NameValue):IdentityMappedIssuedBy = '' (CHARACTER)
  )
  (0x01000000:Name  ):HTTPInputHeader = ( ['WSINPHDR' : 0x7efdc409c580]
    (0x03000000:NameValue):Content-Type            = 'application/json' (CHARACTER)
    (0x03000000:NameValue):User-Agent              = 'PostmanRuntime/7.21.0' (CHARACTER)
    (0x03000000:NameValue):Accept                  = '*/*' (CHARACTER)
    (0x03000000:NameValue):Cache-Control           = 'no-cache' (CHARACTER)
    (0x03000000:NameValue):Postman-Token           = '7c4cd7e8-56fe-4789-b27b-12b980d8a086' (CHARACTER)
    (0x03000000:NameValue):Host                    = 'localhost:7080' (CHARACTER)
    (0x03000000:NameValue):Accept-Encoding         = 'gzip, deflate' (CHARACTER)
    (0x03000000:NameValue):Content-Length          = '110' (CHARACTER)
    (0x03000000:NameValue):Connection              = 'keep-alive' (CHARACTER)
    (0x03000000:NameValue):X-Original-HTTP-Command = 'POST http://localhost:7080/crud/producto HTTP/1.1' (CHARACTER)
    (0x03000000:NameValue):X-Server-Name           = 'localhost' (CHARACTER)
    (0x03000000:NameValue):X-Server-Port           = '7080' (CHARACTER)
    (0x03000000:NameValue):X-Remote-Addr           = '127.0.0.1' (CHARACTER)
    (0x03000000:NameValue):X-Remote-Host           = 'localhost' (CHARACTER)
    (0x03000000:NameValue):X-Scheme                = 'http' (CHARACTER)
  )
  (0x01000000:Object):JSON            = ( ['json' : 0x7efdc40a04d0]
    (0x01000000:Object):Data = (
      (0x03000000:NameValue):operacion    = 'get' (CHARACTER)
      (0x03000000:NameValue):cod_producto = '222' (CHARACTER)
      (0x03000000:NameValue):nom_producto = 'pan' (CHARACTER)
      (0x03000000:NameValue):cantidad     = '2' (CHARACTER)
      (0x03000000:NameValue):precio_unit  = '2' (CHARACTER)
    )
  )
)
VER ROOT: ( ['MQROOT' : 0x7efdc4072d90]
  (0x01000000:Name):Destination = (
    (0x01000000:Name):HTTP = (
      (0x03000000:NameValue):RequestIdentifier = X'414d5120514d47523120202020202020fa72205e8a09a721' (BLOB)
    )
  )
)

MENSAJE ENTRADA
VER ROOT: ( ['WSRoot' : 0x7efdc0120330]
  (0x01000000:Name  ):Properties      = ( ['WSPROPERTYPARSER' : 0x7efdc0124b90]
    (0x03000000:NameValue):MessageSet             = '' (CHARACTER)
    (0x03000000:NameValue):MessageType            = '' (CHARACTER)
    (0x03000000:NameValue):MessageFormat          = '' (CHARACTER)
    (0x03000000:NameValue):Encoding               = 546 (INTEGER)
    (0x03000000:NameValue):CodedCharSetId         = 1208 (INTEGER)
    (0x03000000:NameValue):Transactional          = FALSE (BOOLEAN)
    (0x03000000:NameValue):Persistence            = FALSE (BOOLEAN)
    (0x03000000:NameValue):CreationTime           = GMTTIMESTAMP '2020-01-16 16:40:36.787565' (GMTTIMESTAMP)
    (0x03000000:NameValue):ExpirationTime         = -1 (INTEGER)
    (0x03000000:NameValue):Priority               = 0 (INTEGER)
    (0x03000000:NameValue):ReplyIdentifier        = X'000000000000000000000000000000000000000000000000' (BLOB)
    (0x03000000:NameValue):ReplyProtocol          = 'SOAP-HTTP' (CHARACTER)
    (0x03000000:NameValue):Topic                  = NULL
    (0x03000000:NameValue):ContentType            = 'application/json' (CHARACTER)
    (0x03000000:NameValue):IdentitySourceType     = '' (CHARACTER)
    (0x03000000:NameValue):IdentitySourceToken    = '' (CHARACTER)
    (0x03000000:NameValue):IdentitySourcePassword = '' (CHARACTER)
    (0x03000000:NameValue):IdentitySourceIssuedBy = '' (CHARACTER)
    (0x03000000:NameValue):IdentityMappedType     = '' (CHARACTER)
    (0x03000000:NameValue):IdentityMappedToken    = '' (CHARACTER)
    (0x03000000:NameValue):IdentityMappedPassword = '' (CHARACTER)
    (0x03000000:NameValue):IdentityMappedIssuedBy = '' (CHARACTER)
  )
  (0x01000000:Name  ):HTTPInputHeader = ( ['WSINPHDR' : 0x7efdc0166580]
    (0x03000000:NameValue):Content-Type            = 'application/json' (CHARACTER)
    (0x03000000:NameValue):User-Agent              = 'PostmanRuntime/7.21.0' (CHARACTER)
    (0x03000000:NameValue):Accept                  = '*/*' (CHARACTER)
    (0x03000000:NameValue):Cache-Control           = 'no-cache' (CHARACTER)
    (0x03000000:NameValue):Postman-Token           = '38e66e41-a2f6-493f-a92c-df39064c4c19' (CHARACTER)
    (0x03000000:NameValue):Host                    = 'localhost:7080' (CHARACTER)
    (0x03000000:NameValue):Accept-Encoding         = 'gzip, deflate' (CHARACTER)
    (0x03000000:NameValue):Content-Length          = '110' (CHARACTER)
    (0x03000000:NameValue):Connection              = 'keep-alive' (CHARACTER)
    (0x03000000:NameValue):X-Original-HTTP-Command = 'POST http://localhost:7080/crud/producto HTTP/1.1' (CHARACTER)
    (0x03000000:NameValue):X-Server-Name           = 'localhost' (CHARACTER)
    (0x03000000:NameValue):X-Server-Port           = '7080' (CHARACTER)
    (0x03000000:NameValue):X-Remote-Addr           = '127.0.0.1' (CHARACTER)
    (0x03000000:NameValue):X-Remote-Host           = 'localhost' (CHARACTER)
    (0x03000000:NameValue):X-Scheme                = 'http' (CHARACTER)
  )
  (0x01000000:Object):JSON            = ( ['json' : 0x7efdc0126750]
    (0x01000000:Object):Data = (
      (0x03000000:NameValue):operacion    = 'get' (CHARACTER)
      (0x03000000:NameValue):cod_producto = '222' (CHARACTER)
      (0x03000000:NameValue):nom_producto = 'pan' (CHARACTER)
      (0x03000000:NameValue):cantidad     = '2' (CHARACTER)
      (0x03000000:NameValue):precio_unit  = '2' (CHARACTER)
    )
  )
)
VER ROOT: ( ['MQROOT' : 0x7efdc012f570]
  (0x01000000:Name):Destination = (
    (0x01000000:Name):HTTP = (
      (0x03000000:NameValue):RequestIdentifier = X'414d5120514d47523120202020202020fa72205e8b09a721' (BLOB)
    )
  )
)

MENSAJE ENTRADA
VER ROOT: ( ['WSRoot' : 0x7efdc0120330]
  (0x01000000:Name  ):Properties      = ( ['WSPROPERTYPARSER' : 0x7efdc0124b90]
    (0x03000000:NameValue):MessageSet             = '' (CHARACTER)
    (0x03000000:NameValue):MessageType            = '' (CHARACTER)
    (0x03000000:NameValue):MessageFormat          = '' (CHARACTER)
    (0x03000000:NameValue):Encoding               = 546 (INTEGER)
    (0x03000000:NameValue):CodedCharSetId         = 1208 (INTEGER)
    (0x03000000:NameValue):Transactional          = FALSE (BOOLEAN)
    (0x03000000:NameValue):Persistence            = FALSE (BOOLEAN)
    (0x03000000:NameValue):CreationTime           = GMTTIMESTAMP '2020-01-16 16:41:37.323128' (GMTTIMESTAMP)
    (0x03000000:NameValue):ExpirationTime         = -1 (INTEGER)
    (0x03000000:NameValue):Priority               = 0 (INTEGER)
    (0x03000000:NameValue):ReplyIdentifier        = X'000000000000000000000000000000000000000000000000' (BLOB)
    (0x03000000:NameValue):ReplyProtocol          = 'SOAP-HTTP' (CHARACTER)
    (0x03000000:NameValue):Topic                  = NULL
    (0x03000000:NameValue):ContentType            = 'application/json' (CHARACTER)
    (0x03000000:NameValue):IdentitySourceType     = '' (CHARACTER)
    (0x03000000:NameValue):IdentitySourceToken    = '' (CHARACTER)
    (0x03000000:NameValue):IdentitySourcePassword = '' (CHARACTER)
    (0x03000000:NameValue):IdentitySourceIssuedBy = '' (CHARACTER)
    (0x03000000:NameValue):IdentityMappedType     = '' (CHARACTER)
    (0x03000000:NameValue):IdentityMappedToken    = '' (CHARACTER)
    (0x03000000:NameValue):IdentityMappedPassword = '' (CHARACTER)
    (0x03000000:NameValue):IdentityMappedIssuedBy = '' (CHARACTER)
  )
  (0x01000000:Name  ):HTTPInputHeader = ( ['WSINPHDR' : 0x7efdc0166580]
    (0x03000000:NameValue):Content-Type            = 'application/json' (CHARACTER)
    (0x03000000:NameValue):User-Agent              = 'PostmanRuntime/7.21.0' (CHARACTER)
    (0x03000000:NameValue):Accept                  = '*/*' (CHARACTER)
    (0x03000000:NameValue):Cache-Control           = 'no-cache' (CHARACTER)
    (0x03000000:NameValue):Postman-Token           = '6b99cde7-75ad-4e1d-ab37-ae8505502658' (CHARACTER)
    (0x03000000:NameValue):Host                    = 'localhost:7080' (CHARACTER)
    (0x03000000:NameValue):Accept-Encoding         = 'gzip, deflate' (CHARACTER)
    (0x03000000:NameValue):Content-Length          = '110' (CHARACTER)
    (0x03000000:NameValue):Connection              = 'keep-alive' (CHARACTER)
    (0x03000000:NameValue):X-Original-HTTP-Command = 'POST http://localhost:7080/crud/producto HTTP/1.1' (CHARACTER)
    (0x03000000:NameValue):X-Server-Name           = 'localhost' (CHARACTER)
    (0x03000000:NameValue):X-Server-Port           = '7080' (CHARACTER)
    (0x03000000:NameValue):X-Remote-Addr           = '127.0.0.1' (CHARACTER)
    (0x03000000:NameValue):X-Remote-Host           = 'localhost' (CHARACTER)
    (0x03000000:NameValue):X-Scheme                = 'http' (CHARACTER)
  )
  (0x01000000:Object):JSON            = ( ['json' : 0x7efdc0126750]
    (0x01000000:Object):Data = (
      (0x03000000:NameValue):operacion    = 'get' (CHARACTER)
      (0x03000000:NameValue):cod_producto = '222' (CHARACTER)
      (0x03000000:NameValue):nom_producto = 'pan' (CHARACTER)
      (0x03000000:NameValue):cantidad     = '2' (CHARACTER)
      (0x03000000:NameValue):precio_unit  = '2' (CHARACTER)
    )
  )
)
VER ROOT: ( ['MQROOT' : 0x7efdc012f570]
  (0x01000000:Name):Destination = (
    (0x01000000:Name):HTTP = (
      (0x03000000:NameValue):RequestIdentifier = X'414d5120514d47523120202020202020fa72205e8c09a721' (BLOB)
    )
  )
)

