MENSAJE ENTRADA
VER ROOT: ( ['WSRoot' : 0x7efdc80f0ae0]
  (0x01000000:Name  ):Properties      = ( ['WSPROPERTYPARSER' : 0x7efdc80a7440]
    (0x03000000:NameValue):MessageSet             = '' (CHARACTER)
    (0x03000000:NameValue):MessageType            = '' (CHARACTER)
    (0x03000000:NameValue):MessageFormat          = '' (CHARACTER)
    (0x03000000:NameValue):Encoding               = 546 (INTEGER)
    (0x03000000:NameValue):CodedCharSetId         = 1208 (INTEGER)
    (0x03000000:NameValue):Transactional          = FALSE (BOOLEAN)
    (0x03000000:NameValue):Persistence            = FALSE (BOOLEAN)
    (0x03000000:NameValue):CreationTime           = GMTTIMESTAMP '2020-01-16 16:42:53.613838' (GMTTIMESTAMP)
    (0x03000000:NameValue):ExpirationTime         = -1 (INTEGER)
    (0x03000000:NameValue):Priority               = 0 (INTEGER)
    (0x03000000:NameValue):ReplyIdentifier        = X'000000000000000000000000000000000000000000000000' (BLOB)
    (0x03000000:NameValue):ReplyProtocol          = 'SOAP-HTTP' (CHARACTER)
    (0x03000000:NameValue):Topic                  = NULL
    (0x03000000:NameValue):ContentType            = 'application/json' (CHARACTER)
    (0x03000000:NameValue):IdentitySourceType     = '' (CHARACTER)
    (0x03000000:NameValue):IdentitySourceToken    = '' (CHARACTER)
    (0x03000000:NameValue):IdentitySourcePassword = '' (CHARACTER)
    (0x03000000:NameValue):IdentitySourceIssuedBy = '' (CHARACTER)
    (0x03000000:NameValue):IdentityMappedType     = '' (CHARACTER)
    (0x03000000:NameValue):IdentityMappedToken    = '' (CHARACTER)
    (0x03000000:NameValue):IdentityMappedPassword = '' (CHARACTER)
    (0x03000000:NameValue):IdentityMappedIssuedBy = '' (CHARACTER)
  )
  (0x01000000:Name  ):HTTPInputHeader = ( ['WSINPHDR' : 0x7efdc80a7f50]
    (0x03000000:NameValue):Content-Type            = 'application/json' (CHARACTER)
    (0x03000000:NameValue):User-Agent              = 'PostmanRuntime/7.21.0' (CHARACTER)
    (0x03000000:NameValue):Accept                  = '*/*' (CHARACTER)
    (0x03000000:NameValue):Cache-Control           = 'no-cache' (CHARACTER)
    (0x03000000:NameValue):Postman-Token           = '20e1b8da-ed06-402f-a1b0-94ae9a0aef99' (CHARACTER)
    (0x03000000:NameValue):Host                    = 'localhost:7080' (CHARACTER)
    (0x03000000:NameValue):Accept-Encoding         = 'gzip, deflate' (CHARACTER)
    (0x03000000:NameValue):Content-Length          = '110' (CHARACTER)
    (0x03000000:NameValue):Connection              = 'keep-alive' (CHARACTER)
    (0x03000000:NameValue):X-Original-HTTP-Command = 'POST http://localhost:7080/crud/producto HTTP/1.1' (CHARACTER)
    (0x03000000:NameValue):X-Server-Name           = 'localhost' (CHARACTER)
    (0x03000000:NameValue):X-Server-Port           = '7080' (CHARACTER)
    (0x03000000:NameValue):X-Remote-Addr           = '127.0.0.1' (CHARACTER)
    (0x03000000:NameValue):X-Remote-Host           = 'localhost' (CHARACTER)
    (0x03000000:NameValue):X-Scheme                = 'http' (CHARACTER)
  )
  (0x01000000:Object):JSON            = ( ['json' : 0x7efdc810d430]
    (0x01000000:Object):Data = (
      (0x03000000:NameValue):operacion    = 'get' (CHARACTER)
      (0x03000000:NameValue):cod_producto = '222' (CHARACTER)
      (0x03000000:NameValue):nom_producto = 'pan' (CHARACTER)
      (0x03000000:NameValue):cantidad     = '2' (CHARACTER)
      (0x03000000:NameValue):precio_unit  = '2' (CHARACTER)
    )
  )
)
VER ROOT: ( ['MQROOT' : 0x7efdc8086260]
  (0x01000000:Name):Destination = (
    (0x01000000:Name):HTTP = (
      (0x03000000:NameValue):RequestIdentifier = X'414d5120514d47523120202020202020fa72205e8e09a721' (BLOB)
    )
  )
)

MENSAJE ENTRADA
VER ROOT: ( ['WSRoot' : 0x7efde41004a0]
  (0x01000000:Name  ):Properties      = ( ['WSPROPERTYPARSER' : 0x7efde40b6de0]
    (0x03000000:NameValue):MessageSet             = '' (CHARACTER)
    (0x03000000:NameValue):MessageType            = '' (CHARACTER)
    (0x03000000:NameValue):MessageFormat          = '' (CHARACTER)
    (0x03000000:NameValue):Encoding               = 546 (INTEGER)
    (0x03000000:NameValue):CodedCharSetId         = 1208 (INTEGER)
    (0x03000000:NameValue):Transactional          = FALSE (BOOLEAN)
    (0x03000000:NameValue):Persistence            = FALSE (BOOLEAN)
    (0x03000000:NameValue):CreationTime           = GMTTIMESTAMP '2020-01-16 16:52:09.421505' (GMTTIMESTAMP)
    (0x03000000:NameValue):ExpirationTime         = -1 (INTEGER)
    (0x03000000:NameValue):Priority               = 0 (INTEGER)
    (0x03000000:NameValue):ReplyIdentifier        = X'000000000000000000000000000000000000000000000000' (BLOB)
    (0x03000000:NameValue):ReplyProtocol          = 'SOAP-HTTP' (CHARACTER)
    (0x03000000:NameValue):Topic                  = NULL
    (0x03000000:NameValue):ContentType            = 'application/json' (CHARACTER)
    (0x03000000:NameValue):IdentitySourceType     = '' (CHARACTER)
    (0x03000000:NameValue):IdentitySourceToken    = '' (CHARACTER)
    (0x03000000:NameValue):IdentitySourcePassword = '' (CHARACTER)
    (0x03000000:NameValue):IdentitySourceIssuedBy = '' (CHARACTER)
    (0x03000000:NameValue):IdentityMappedType     = '' (CHARACTER)
    (0x03000000:NameValue):IdentityMappedToken    = '' (CHARACTER)
    (0x03000000:NameValue):IdentityMappedPassword = '' (CHARACTER)
    (0x03000000:NameValue):IdentityMappedIssuedBy = '' (CHARACTER)
  )
  (0x01000000:Name  ):HTTPInputHeader = ( ['WSINPHDR' : 0x7efde40b78f0]
    (0x03000000:NameValue):Content-Type            = 'application/json' (CHARACTER)
    (0x03000000:NameValue):User-Agent              = 'PostmanRuntime/7.21.0' (CHARACTER)
    (0x03000000:NameValue):Accept                  = '*/*' (CHARACTER)
    (0x03000000:NameValue):Cache-Control           = 'no-cache' (CHARACTER)
    (0x03000000:NameValue):Postman-Token           = '96cbb137-c021-4ce4-8a0a-bad150994c1e' (CHARACTER)
    (0x03000000:NameValue):Host                    = 'localhost:7080' (CHARACTER)
    (0x03000000:NameValue):Accept-Encoding         = 'gzip, deflate' (CHARACTER)
    (0x03000000:NameValue):Content-Length          = '110' (CHARACTER)
    (0x03000000:NameValue):Connection              = 'keep-alive' (CHARACTER)
    (0x03000000:NameValue):X-Original-HTTP-Command = 'POST http://localhost:7080/crud/producto HTTP/1.1' (CHARACTER)
    (0x03000000:NameValue):X-Server-Name           = 'localhost' (CHARACTER)
    (0x03000000:NameValue):X-Server-Port           = '7080' (CHARACTER)
    (0x03000000:NameValue):X-Remote-Addr           = '127.0.0.1' (CHARACTER)
    (0x03000000:NameValue):X-Remote-Host           = 'localhost' (CHARACTER)
    (0x03000000:NameValue):X-Scheme                = 'http' (CHARACTER)
  )
  (0x01000000:Object):JSON            = ( ['json' : 0x7efde411cdf0]
    (0x01000000:Object):Data = (
      (0x03000000:NameValue):operacion    = 'get' (CHARACTER)
      (0x03000000:NameValue):cod_producto = '222' (CHARACTER)
      (0x03000000:NameValue):nom_producto = 'pan' (CHARACTER)
      (0x03000000:NameValue):cantidad     = '2' (CHARACTER)
      (0x03000000:NameValue):precio_unit  = '2' (CHARACTER)
    )
  )
)
VER ROOT: ( ['MQROOT' : 0x7efde4095b80]
  (0x01000000:Name):Destination = (
    (0x01000000:Name):HTTP = (
      (0x03000000:NameValue):RequestIdentifier = X'414d5120514d47523120202020202020fa72205e8f09a721' (BLOB)
    )
  )
)

